#
# There is insufficient memory for the Java Runtime Environment to continue.
# Native memory allocation (mmap) failed to map 133169152 bytes for Failed to commit area from 0x000000009c800000 to 0x00000000a4700000 of length 133169152.
# Possible reasons:
#   The system is out of physical RAM or swap space
#   The process is running with CompressedOops enabled, and the Java Heap may be blocking the growth of the native heap
# Possible solutions:
#   Reduce memory load on the system
#   Increase physical memory or swap space
#   Check if swap backing store is full
#   Decrease Java heap size (-Xmx/-Xms)
#   Decrease number of Java threads
#   Decrease Java thread stack sizes (-Xss)
#   Set larger code cache with -XX:ReservedCodeCacheSize=
#   JVM is running with Unscaled Compressed Oops mode in which the Java heap is
#     placed in the first 4GB address space. The Java Heap base address is the
#     maximum limit for the native heap growth. Please use -XX:HeapBaseMinAddress
#     to set the Java Heap base and to place the Java Heap above 4GB virtual address.
# This output file may be truncated or incomplete.
#
#  Out of Memory Error (t:/workspace/hotspot/src/os/windows/vm/os_windows.cpp:3357), pid=7476, tid=4268
#
# JRE version: Java(TM) SE Runtime Environment (9.0+11) (build 9.0.1+11)
# Java VM: Java HotSpot(TM) 64-Bit Server VM (9.0.1+11, mixed mode, tiered, compressed oops, g1 gc, windows-amd64)
# No core dump will be written. Minidumps are not enabled by default on client versions of Windows
#

---------------  S U M M A R Y ------------

Command Line: -XX:TieredStopAtLevel=1 -Xverify:none -Dspring.output.ansi.enabled=always -Dcom.sun.management.jmxremote -Dcom.sun.management.jmxremote.port=57154 -Dcom.sun.management.jmxremote.authenticate=false -Dcom.sun.management.jmxremote.ssl=false -Djava.rmi.server.hostname=localhost -Dspring.liveBeansView.mbeanDomain -Dspring.application.admin.enabled=true -javaagent:E:\IntelliJ IDEA 2017.3.2\lib\idea_rt.jar=57156:E:\IntelliJ IDEA 2017.3.2\bin -Dfile.encoding=UTF-8 com.leyou.search.LeyouSearchService

Host: AMD A8-7410 APU with AMD Radeon R5 Graphics    , 4 cores, 6G,  Windows 8.1 , 64 bit Build 9600 (6.3.9600.16656)
Time: Fri Nov 02 11:46:00 2018 ?D1¨²¡À¨º¡Á?¨º¡À?? elapsed time: 36 seconds (0d 0h 0m 36s)

---------------  T H R E A D  ---------------

Current thread (0x00000095ff58e800):  VMThread "VM Thread" [stack: 0x00000095ff6c0000,0x00000095ff7c0000] [id=4268]

Stack: [0x00000095ff6c0000,0x00000095ff7c0000]
[error occurred during error reporting (printing stack bounds), id 0xe0000002]

Native frames: (J=compiled Java code, j=interpreted, Vv=VM code, C=native code)
V  [jvm.dll+0x5870b8]
V  [jvm.dll+0x69c0ee]
V  [jvm.dll+0x69d00a]
V  [jvm.dll+0x69cb95]
V  [jvm.dll+0x69d5ab]
V  [jvm.dll+0x586916]
V  [jvm.dll+0x586ce8]
C  [ntdll.dll+0x9a77d]
C  [ntdll.dll+0x429fb]
C  [ntdll.dll+0x9993e]
C  0x000000958a650e2a

VM_Operation (0x00000095fc7eda50): G1IncCollectionPause, mode: safepoint, requested by thread 0x00000095fab1c000


---------------  P R O C E S S  ---------------

Java Threads: ( => current thread )
  0x00000095a3f93000 JavaThread "elasticsearch[_client_][generic][T#4]" daemon [_thread_blocked, id=5656, stack(0x00000095aa690000,0x00000095aa790000)]
  0x00000095a3f8f800 JavaThread "elasticsearch[_client_][generic][T#3]" daemon [_thread_blocked, id=5468, stack(0x00000095a7f70000,0x00000095a8070000)]
  0x00000095a3f91000 JavaThread "elasticsearch[_client_][generic][T#2]" daemon [_thread_blocked, id=1520, stack(0x00000095a7e70000,0x00000095a7f70000)]
  0x00000095a3f90000 JavaThread "elasticsearch[_client_][transport_client_boss][T#8]" daemon [_thread_in_native, id=5740, stack(0x00000095a6d60000,0x00000095a6e60000)]
  0x00000095a3f92800 JavaThread "elasticsearch[_client_][transport_client_boss][T#7]" daemon [_thread_in_native, id=684, stack(0x00000095a6c60000,0x00000095a6d60000)]
  0x00000095a3f8e000 JavaThread "elasticsearch[_client_][transport_client_boss][T#6]" daemon [_thread_in_native, id=6356, stack(0x00000095a6b60000,0x00000095a6c60000)]
  0x00000095a3f8c800 JavaThread "elasticsearch[_client_][transport_client_boss][T#5]" daemon [_thread_in_native, id=3504, stack(0x00000095a6a60000,0x00000095a6b60000)]
  0x00000095a3f8d000 JavaThread "elasticsearch[_client_][transport_client_boss][T#4]" daemon [_thread_in_native, id=7796, stack(0x00000095a6960000,0x00000095a6a60000)]
  0x00000095a3f8e800 JavaThread "elasticsearch[_client_][transport_client_boss][T#3]" daemon [_thread_in_native, id=7444, stack(0x00000095a6860000,0x00000095a6960000)]
  0x00000095a0bcb800 JavaThread "elasticsearch[_client_][transport_client_boss][T#2]" daemon [_thread_in_native, id=5812, stack(0x00000095a6760000,0x00000095a6860000)]
  0x00000095a0bcc000 JavaThread "elasticsearch[_client_][generic][T#1]" daemon [_thread_blocked, id=6756, stack(0x00000095a6660000,0x00000095a6760000)]
  0x00000095a0bca800 JavaThread "elasticsearch[_client_][transport_client_boss][T#1]" daemon [_thread_in_native, id=5888, stack(0x00000095a5450000,0x00000095a5550000)]
  0x00000095a0bc9000 JavaThread "elasticsearch[_client_][scheduler][T#1]" daemon [_thread_blocked, id=5744, stack(0x00000095a5150000,0x00000095a5250000)]
  0x00000095a0bca000 JavaThread "elasticsearch[_client_][[timer]]" daemon [_thread_blocked, id=2804, stack(0x00000095a3880000,0x00000095a3980000)]
  0x00000095a0bc5800 JavaThread "container-0" [_thread_blocked, id=4392, stack(0x00000095a3580000,0x00000095a3680000)]
  0x00000095a0bc8800 JavaThread "ContainerBackgroundProcessor[StandardEngine[Tomcat]]" daemon [_thread_blocked, id=7992, stack(0x00000095a3480000,0x00000095a3580000)]
  0x00000095a0bc7000 JavaThread "localhost-startStop-1" daemon [_thread_blocked, id=3416, stack(0x00000095a3180000,0x00000095a3280000)]
  0x00000095a0bc7800 JavaThread "Tomcat-startStop-1" daemon [_thread_blocked, id=7936, stack(0x00000095a1e80000,0x00000095a1f80000)]
  0x000000959faf7000 JavaThread "RMI Scheduler(0)" daemon [_thread_blocked, id=6668, stack(0x00000095a18a0000,0x00000095a19a0000)]
  0x000000959faf8800 JavaThread "RMI TCP Connection(2)-127.0.0.1" daemon [_thread_in_native, id=6068, stack(0x00000095a17a0000,0x00000095a18a0000)]
  0x000000959facb000 JavaThread "RMI TCP Connection(1)-127.0.0.1" daemon [_thread_in_native, id=5336, stack(0x00000095a06d0000,0x00000095a07d0000)]
  0x000000959fad4000 JavaThread "RMI TCP Accept-0" daemon [_thread_in_native, id=3068, stack(0x00000095a03d0000,0x00000095a04d0000)]
  0x000000959fab2000 JavaThread "RMI TCP Accept-57154" daemon [_thread_in_native, id=5528, stack(0x00000095a00d0000,0x00000095a01d0000)]
  0x000000959fab8800 JavaThread "RMI TCP Accept-0" daemon [_thread_in_native, id=6204, stack(0x000000959ffd0000,0x00000095a00d0000)]
  0x000000959f87e000 JavaThread "Service Thread" daemon [_thread_blocked, id=1428, stack(0x000000959fcd0000,0x000000959fdd0000)]
  0x000000959f87d800 JavaThread "Monitor Ctrl-Break" daemon [_thread_in_native, id=6960, stack(0x000000959fbd0000,0x000000959fcd0000)]
  0x00000095ff67b800 JavaThread "Common-Cleaner" daemon [_thread_blocked, id=6996, stack(0x000000959eed0000,0x000000959efd0000)]
  0x00000095ff632800 JavaThread "Sweeper thread" daemon [_thread_blocked, id=7352, stack(0x000000959edd0000,0x000000959eed0000)]
  0x00000095ff632000 JavaThread "C1 CompilerThread2" daemon [_thread_blocked, id=1168, stack(0x00000095ffe10000,0x00000095fff10000)]
  0x00000095ff624000 JavaThread "C1 CompilerThread1" daemon [_thread_blocked, id=5996, stack(0x00000095ffd10000,0x00000095ffe10000)]
  0x00000095ff5a0800 JavaThread "C1 CompilerThread0" daemon [_thread_blocked, id=4840, stack(0x00000095ffc10000,0x00000095ffd10000)]
  0x00000095ff5fd000 JavaThread "Attach Listener" daemon [_thread_blocked, id=6716, stack(0x00000095ffb10000,0x00000095ffc10000)]
  0x00000095ff5fc800 JavaThread "Signal Dispatcher" daemon [_thread_blocked, id=5132, stack(0x00000095ffa10000,0x00000095ffb10000)]
  0x00000095ff5a7800 JavaThread "Finalizer" daemon [_thread_blocked, id=4808, stack(0x00000095ff8c0000,0x00000095ff9c0000)]
  0x00000095ff5a5800 JavaThread "Reference Handler" daemon [_thread_blocked, id=7852, stack(0x00000095ff7c0000,0x00000095ff8c0000)]
  0x00000095fab1c000 JavaThread "main" [_thread_blocked, id=1972, stack(0x00000095fc6f0000,0x00000095fc7f0000)]

Other Threads:
=>0x00000095ff58e800 VMThread "VM Thread" [stack: 0x00000095ff6c0000,0x00000095ff7c0000] [id=4268]
  0x000000959fadd000 WatcherThread [stack: 0x00000095a04d0000,0x00000095a05d0000] [id=7056]
  0x00000095fab34800 GCTaskThread "GC Thread#0" [stack: 0x00000095fc9d0000,0x00000095fcad0000] [id=3144]
  0x00000095fab38000 GCTaskThread "GC Thread#1" [stack: 0x00000095fcad0000,0x00000095fcbd0000] [id=6268]
  0x00000095fab39800 GCTaskThread "GC Thread#2" [stack: 0x00000095fcbd0000,0x00000095fccd0000] [id=5724]
  0x00000095fab3c000 GCTaskThread "GC Thread#3" [stack: 0x00000095fccd0000,0x00000095fcdd0000] [id=2536]
  0x00000095fabb2000 ConcurrentGCThread "G1 Main Marker" [stack: 0x00000095fe580000,0x00000095fe680000] [id=7172]
  0x00000095fabb4800 ConcurrentGCThread "G1 Marker#0" [stack: 0x00000095fe680000,0x00000095fe780000] [id=5380]
  0x00000095fab51000 ConcurrentGCThread "G1 Refine#0" [stack: 0x00000095fd510000,0x00000095fd610000] [id=5444]
  0x00000095fab42800 ConcurrentGCThread "G1 Refine#1" [stack: 0x00000095fd410000,0x00000095fd510000] [id=2108]
  0x00000095fab3e800 ConcurrentGCThread "G1 Refine#2" [stack: 0x00000095fd310000,0x00000095fd410000] [id=1888]
  0x00000095fab3d000 ConcurrentGCThread "G1 Refine#3" [stack: 0x00000095fd210000,0x00000095fd310000] [id=6112]
  0x00000095fab53800 ConcurrentGCThread "G1 Young RemSet Sampling" [stack: 0x00000095fd610000,0x00000095fd710000] [id=7564]

Threads with active compile tasks:

VM state:at safepoint (normal execution)

VM Mutex/Monitor currently owned by a thread:  ([mutex/lock_event])
[0x00000095fab19dd0] Threads_lock - owner thread: 0x00000095ff58e800
[0x00000095fab19830] Heap_lock - owner thread: 0x00000095fab1c000

Heap address: 0x0000000091200000, size: 1774 MB, Compressed Oops mode: 32-bit
Narrow klass base: 0x0000000000000000, Narrow klass shift: 3
Compressed class space size: 1073741824 Address: 0x0000000100000000

Heap:
 garbage-first heap   total 316416K, used 128763K [0x0000000091200000, 0x00000000913009a8, 0x0000000100000000)
  region size 1024K, 3 young (3072K), 3 survivors (3072K)
 Metaspace       used 55632K, capacity 59486K, committed 59548K, reserved 1101824K
  class space    used 7232K, capacity 8082K, committed 8092K, reserved 1048576K
Heap Regions: E=young(eden), S=young(survivor), O=old, HS=humongous(starts), HC=humongous(continues), CS=collection set, F=free, A=archive, TS=gc time stamp, AC=allocation context, TAMS=top-at-mark-start (previous, next)
|   0|0x0000000091200000, 0x0000000091300000, 0x0000000091300000|100%|HS|  |TS  0|AC  0|TAMS 0x0000000091300000, 0x0000000091300000|
|   1|0x0000000091300000, 0x0000000091400000, 0x0000000091400000|100%| O|  |TS  0|AC  0|TAMS 0x0000000091400000, 0x0000000091400000|
|   2|0x0000000091400000, 0x0000000091500000, 0x0000000091500000|100%| O|  |TS  0|AC  0|TAMS 0x0000000091500000, 0x0000000091500000|
|   3|0x0000000091500000, 0x0000000091600000, 0x0000000091600000|100%| O|  |TS  0|AC  0|TAMS 0x0000000091600000, 0x0000000091600000|
|   4|0x0000000091600000, 0x0000000091700000, 0x0000000091700000|100%| O|  |TS  0|AC  0|TAMS 0x0000000091700000, 0x0000000091700000|
|   5|0x0000000091700000, 0x0000000091800000, 0x0000000091800000|100%| O|  |TS  0|AC  0|TAMS 0x0000000091800000, 0x0000000091800000|
|   6|0x0000000091800000, 0x0000000091900000, 0x0000000091900000|100%| O|  |TS  0|AC  0|TAMS 0x0000000091900000, 0x0000000091900000|
|   7|0x0000000091900000, 0x0000000091a00000, 0x0000000091a00000|100%| O|  |TS  0|AC  0|TAMS 0x0000000091a00000, 0x0000000091a00000|
|   8|0x0000000091a00000, 0x0000000091b00000, 0x0000000091b00000|100%| O|  |TS  0|AC  0|TAMS 0x0000000091b00000, 0x0000000091b00000|
|   9|0x0000000091b00000, 0x0000000091c00000, 0x0000000091c00000|100%| O|  |TS  0|AC  0|TAMS 0x0000000091c00000, 0x0000000091c00000|
|  10|0x0000000091c00000, 0x0000000091d00000, 0x0000000091d00000|100%| O|  |TS  0|AC  0|TAMS 0x0000000091d00000, 0x0000000091d00000|
|  11|0x0000000091d00000, 0x0000000091e00000, 0x0000000091e00000|100%| O|  |TS  0|AC  0|TAMS 0x0000000091e00000, 0x0000000091e00000|
|  12|0x0000000091e00000, 0x0000000091f00000, 0x0000000091f00000|100%| O|  |TS  0|AC  0|TAMS 0x0000000091f00000, 0x0000000091f00000|
|  13|0x0000000091f00000, 0x0000000092000000, 0x0000000092000000|100%| O|  |TS  0|AC  0|TAMS 0x0000000092000000, 0x0000000092000000|
|  14|0x0000000092000000, 0x0000000092100000, 0x0000000092100000|100%| O|  |TS  0|AC  0|TAMS 0x0000000092100000, 0x0000000092100000|
|  15|0x0000000092100000, 0x0000000092200000, 0x0000000092200000|100%| O|  |TS  0|AC  0|TAMS 0x0000000092200000, 0x0000000092200000|
|  16|0x0000000092200000, 0x0000000092300000, 0x0000000092300000|100%| O|  |TS  0|AC  0|TAMS 0x0000000092300000, 0x0000000092300000|
|  17|0x0000000092300000, 0x0000000092400000, 0x0000000092400000|100%| O|  |TS  0|AC  0|TAMS 0x0000000092400000, 0x0000000092400000|
|  18|0x0000000092400000, 0x0000000092500000, 0x0000000092500000|100%| O|  |TS  0|AC  0|TAMS 0x0000000092500000, 0x0000000092500000|
|  19|0x0000000092500000, 0x0000000092600000, 0x0000000092600000|100%| O|  |TS  0|AC  0|TAMS 0x0000000092600000, 0x0000000092600000|
|  20|0x0000000092600000, 0x0000000092700000, 0x0000000092700000|100%| O|  |TS  0|AC  0|TAMS 0x0000000092700000, 0x0000000092700000|
|  21|0x0000000092700000, 0x0000000092800000, 0x0000000092800000|100%| O|  |TS  0|AC  0|TAMS 0x0000000092800000, 0x0000000092800000|
|  22|0x0000000092800000, 0x0000000092900000, 0x0000000092900000|100%| O|  |TS  0|AC  0|TAMS 0x0000000092900000, 0x0000000092900000|
|  23|0x0000000092900000, 0x0000000092a00000, 0x0000000092a00000|100%| O|  |TS  0|AC  0|TAMS 0x0000000092a00000, 0x0000000092a00000|
|  24|0x0000000092a00000, 0x0000000092b00000, 0x0000000092b00000|100%| O|  |TS  0|AC  0|TAMS 0x0000000092b00000, 0x0000000092b00000|
|  25|0x0000000092b00000, 0x0000000092c00000, 0x0000000092c00000|100%| O|  |TS  0|AC  0|TAMS 0x0000000092c00000, 0x0000000092c00000|
|  26|0x0000000092c00000, 0x0000000092d00000, 0x0000000092d00000|100%| O|  |TS  0|AC  0|TAMS 0x0000000092d00000, 0x0000000092d00000|
|  27|0x0000000092d00000, 0x0000000092e00000, 0x0000000092e00000|100%| O|  |TS  0|AC  0|TAMS 0x0000000092e00000, 0x0000000092e00000|
|  28|0x0000000092e00000, 0x0000000092f00000, 0x0000000092f00000|100%| O|  |TS  0|AC  0|TAMS 0x0000000092f00000, 0x0000000092f00000|
|  29|0x0000000092f00000, 0x0000000093000000, 0x0000000093000000|100%| O|  |TS  0|AC  0|TAMS 0x0000000093000000, 0x0000000093000000|
|  30|0x0000000093000000, 0x0000000093100000, 0x0000000093100000|100%| O|  |TS  0|AC  0|TAMS 0x0000000093100000, 0x0000000093100000|
|  31|0x0000000093100000, 0x0000000093200000, 0x0000000093200000|100%|HS|  |TS  0|AC  0|TAMS 0x0000000093200000, 0x0000000093200000|
|  32|0x0000000093200000, 0x0000000093300000, 0x0000000093300000|100%|HC|  |TS  0|AC  0|TAMS 0x0000000093300000, 0x0000000093300000|
|  33|0x0000000093300000, 0x0000000093400000, 0x0000000093400000|100%|HC|  |TS  0|AC  0|TAMS 0x0000000093400000, 0x0000000093400000|
|  34|0x0000000093400000, 0x0000000093500000, 0x0000000093500000|100%|HC|  |TS  0|AC  0|TAMS 0x0000000093500000, 0x0000000093500000|
|  35|0x0000000093500000, 0x0000000093600000, 0x0000000093600000|100%|HC|  |TS  0|AC  0|TAMS 0x0000000093600000, 0x0000000093600000|
|  36|0x0000000093600000, 0x0000000093700000, 0x0000000093700000|100%|HC|  |TS  0|AC  0|TAMS 0x0000000093700000, 0x0000000093700000|
|  37|0x0000000093700000, 0x0000000093800000, 0x0000000093800000|100%|HC|  |TS  0|AC  0|TAMS 0x0000000093800000, 0x0000000093800000|
|  38|0x0000000093800000, 0x0000000093900000, 0x0000000093900000|100%|HC|  |TS  0|AC  0|TAMS 0x0000000093900000, 0x0000000093900000|
|  39|0x0000000093900000, 0x0000000093a00000, 0x0000000093a00000|100%|HC|  |TS  0|AC  0|TAMS 0x0000000093a00000, 0x0000000093a00000|
|  40|0x0000000093a00000, 0x0000000093b00000, 0x0000000093b00000|100%|HC|  |TS  0|AC  0|TAMS 0x0000000093b00000, 0x0000000093b00000|
|  41|0x0000000093b00000, 0x0000000093c00000, 0x0000000093c00000|100%|HC|  |TS  0|AC  0|TAMS 0x0000000093c00000, 0x0000000093c00000|
|  42|0x0000000093c00000, 0x0000000093d00000, 0x0000000093d00000|100%|HC|  |TS  0|AC  0|TAMS 0x0000000093d00000, 0x0000000093d00000|
|  43|0x0000000093d00000, 0x0000000093e00000, 0x0000000093e00000|100%|HC|  |TS  0|AC  0|TAMS 0x0000000093e00000, 0x0000000093e00000|
|  44|0x0000000093e00000, 0x0000000093f00000, 0x0000000093f00000|100%|HC|  |TS  0|AC  0|TAMS 0x0000000093f00000, 0x0000000093f00000|
|  45|0x0000000093f00000, 0x0000000094000000, 0x0000000094000000|100%|HC|  |TS  0|AC  0|TAMS 0x0000000094000000, 0x0000000094000000|
|  46|0x0000000094000000, 0x0000000094100000, 0x0000000094100000|100%|HC|  |TS  0|AC  0|TAMS 0x0000000094100000, 0x0000000094100000|
|  47|0x0000000094100000, 0x0000000094200000, 0x0000000094200000|100%|HC|  |TS  0|AC  0|TAMS 0x0000000094200000, 0x0000000094200000|
|  48|0x0000000094200000, 0x0000000094300000, 0x0000000094300000|100%| O|  |TS  0|AC  0|TAMS 0x0000000094300000, 0x0000000094300000|
|  49|0x0000000094300000, 0x0000000094400000, 0x0000000094400000|100%| O|  |TS  0|AC  0|TAMS 0x0000000094400000, 0x0000000094400000|
|  50|0x0000000094400000, 0x0000000094500000, 0x0000000094500000|100%| O|  |TS  0|AC  0|TAMS 0x0000000094500000, 0x0000000094500000|
|  51|0x0000000094500000, 0x0000000094600000, 0x0000000094600000|100%| O|  |TS  0|AC  0|TAMS 0x0000000094600000, 0x0000000094600000|
|  52|0x0000000094600000, 0x0000000094700000, 0x0000000094700000|100%| O|  |TS  1|AC  0|TAMS 0x000000009462a600, 0x0000000094700000|
|  53|0x0000000094700000, 0x0000000094800000, 0x0000000094800000|100%| O|  |TS  3|AC  0|TAMS 0x0000000094700000, 0x0000000094800000|
|  54|0x0000000094800000, 0x00000000948e9200, 0x0000000094900000| 91%| O|  |TS  3|AC  0|TAMS 0x0000000094800000, 0x00000000948e9200|
|  55|0x0000000094900000, 0x0000000094900000, 0x0000000094a00000|  0%| F|  |TS  0|AC  0|TAMS 0x0000000094900000, 0x0000000094900000|
|  56|0x0000000094a00000, 0x0000000094a00000, 0x0000000094b00000|  0%| F|  |TS  0|AC  0|TAMS 0x0000000094a00000, 0x0000000094a00000|
|  57|0x0000000094b00000, 0x0000000094b00000, 0x0000000094c00000|  0%| F|  |TS  0|AC  0|TAMS 0x0000000094b00000, 0x0000000094b00000|
|  58|0x0000000094c00000, 0x0000000094d00000, 0x0000000094d00000|100%|HS|  |TS  0|AC  0|TAMS 0x0000000094d00000, 0x0000000094d00000|
|  59|0x0000000094d00000, 0x0000000094e00000, 0x0000000094e00000|100%|HC|  |TS  0|AC  0|TAMS 0x0000000094e00000, 0x0000000094e00000|
|  60|0x0000000094e00000, 0x0000000094f00000, 0x0000000094f00000|100%|HC|  |TS  0|AC  0|TAMS 0x0000000094f00000, 0x0000000094f00000|
|  61|0x0000000094f00000, 0x0000000095000000, 0x0000000095000000|100%|HC|  |TS  0|AC  0|TAMS 0x0000000095000000, 0x0000000095000000|
|  62|0x0000000095000000, 0x0000000095100000, 0x0000000095100000|100%|HC|  |TS  0|AC  0|TAMS 0x0000000095100000, 0x0000000095100000|
|  63|0x0000000095100000, 0x0000000095200000, 0x0000000095200000|100%|HC|  |TS  0|AC  0|TAMS 0x0000000095200000, 0x0000000095200000|
|  64|0x0000000095200000, 0x0000000095300000, 0x0000000095300000|100%|HC|  |TS  0|AC  0|TAMS 0x0000000095300000, 0x0000000095300000|
|  65|0x0000000095300000, 0x0000000095400000, 0x0000000095400000|100%|HC|  |TS  0|AC  0|TAMS 0x0000000095400000, 0x0000000095400000|
|  66|0x0000000095400000, 0x0000000095500000, 0x0000000095500000|100%|HC|  |TS  0|AC  0|TAMS 0x0000000095500000, 0x0000000095500000|
|  67|0x0000000095500000, 0x0000000095600000, 0x0000000095600000|100%|HC|  |TS  0|AC  0|TAMS 0x0000000095600000, 0x0000000095600000|
|  68|0x0000000095600000, 0x0000000095700000, 0x0000000095700000|100%|HC|  |TS  0|AC  0|TAMS 0x0000000095700000, 0x0000000095700000|
|  69|0x0000000095700000, 0x0000000095800000, 0x0000000095800000|100%|HC|  |TS  0|AC  0|TAMS 0x0000000095800000, 0x0000000095800000|
|  70|0x0000000095800000, 0x0000000095900000, 0x0000000095900000|100%|HC|  |TS  0|AC  0|TAMS 0x0000000095900000, 0x0000000095900000|
|  71|0x0000000095900000, 0x0000000095a00000, 0x0000000095a00000|100%|HC|  |TS  0|AC  0|TAMS 0x0000000095a00000, 0x0000000095a00000|
|  72|0x0000000095a00000, 0x0000000095b00000, 0x0000000095b00000|100%|HC|  |TS  0|AC  0|TAMS 0x0000000095b00000, 0x0000000095b00000|
|  73|0x0000000095b00000, 0x0000000095c00000, 0x0000000095c00000|100%|HC|  |TS  0|AC  0|TAMS 0x0000000095c00000, 0x0000000095c00000|
|  74|0x0000000095c00000, 0x0000000095d00000, 0x0000000095d00000|100%|HC|  |TS  0|AC  0|TAMS 0x0000000095d00000, 0x0000000095d00000|
|  75|0x0000000095d00000, 0x0000000095e00000, 0x0000000095e00000|100%|HS|  |TS  0|AC  0|TAMS 0x0000000095e00000, 0x0000000095e00000|
|  76|0x0000000095e00000, 0x0000000095f00000, 0x0000000095f00000|100%|HC|  |TS  0|AC  0|TAMS 0x0000000095f00000, 0x0000000095f00000|
|  77|0x0000000095f00000, 0x0000000096000000, 0x0000000096000000|100%|HC|  |TS  0|AC  0|TAMS 0x0000000096000000, 0x0000000096000000|
|  78|0x0000000096000000, 0x0000000096100000, 0x0000000096100000|100%|HC|  |TS  0|AC  0|TAMS 0x0000000096100000, 0x0000000096100000|
|  79|0x0000000096100000, 0x0000000096200000, 0x0000000096200000|100%|HC|  |TS  0|AC  0|TAMS 0x0000000096200000, 0x0000000096200000|
|  80|0x0000000096200000, 0x0000000096300000, 0x0000000096300000|100%|HC|  |TS  0|AC  0|TAMS 0x0000000096300000, 0x0000000096300000|
|  81|0x0000000096300000, 0x0000000096400000, 0x0000000096400000|100%|HC|  |TS  0|AC  0|TAMS 0x0000000096400000, 0x0000000096400000|
|  82|0x0000000096400000, 0x0000000096500000, 0x0000000096500000|100%|HC|  |TS  0|AC  0|TAMS 0x0000000096500000, 0x0000000096500000|
|  83|0x0000000096500000, 0x0000000096600000, 0x0000000096600000|100%|HC|  |TS  0|AC  0|TAMS 0x0000000096600000, 0x0000000096600000|
|  84|0x0000000096600000, 0x0000000096700000, 0x0000000096700000|100%|HC|  |TS  0|AC  0|TAMS 0x0000000096700000, 0x0000000096700000|
|  85|0x0000000096700000, 0x0000000096800000, 0x0000000096800000|100%|HC|  |TS  0|AC  0|TAMS 0x0000000096800000, 0x0000000096800000|
|  86|0x0000000096800000, 0x0000000096900000, 0x0000000096900000|100%|HC|  |TS  0|AC  0|TAMS 0x0000000096900000, 0x0000000096900000|
|  87|0x0000000096900000, 0x0000000096a00000, 0x0000000096a00000|100%|HC|  |TS  0|AC  0|TAMS 0x0000000096a00000, 0x0000000096a00000|
|  88|0x0000000096a00000, 0x0000000096b00000, 0x0000000096b00000|100%|HC|  |TS  0|AC  0|TAMS 0x0000000096b00000, 0x0000000096b00000|
|  89|0x0000000096b00000, 0x0000000096c00000, 0x0000000096c00000|100%|HC|  |TS  0|AC  0|TAMS 0x0000000096c00000, 0x0000000096c00000|
|  90|0x0000000096c00000, 0x0000000096d00000, 0x0000000096d00000|100%|HC|  |TS  0|AC  0|TAMS 0x0000000096d00000, 0x0000000096d00000|
|  91|0x0000000096d00000, 0x0000000096e00000, 0x0000000096e00000|100%|HC|  |TS  0|AC  0|TAMS 0x0000000096e00000, 0x0000000096e00000|
|  92|0x0000000096e00000, 0x0000000096f00000, 0x0000000096f00000|100%|HS|  |TS  0|AC  0|TAMS 0x0000000096f00000, 0x0000000096f00000|
|  93|0x0000000096f00000, 0x0000000097000000, 0x0000000097000000|100%|HC|  |TS  0|AC  0|TAMS 0x0000000097000000, 0x0000000097000000|
|  94|0x0000000097000000, 0x0000000097100000, 0x0000000097100000|100%|HC|  |TS  0|AC  0|TAMS 0x0000000097100000, 0x0000000097100000|
|  95|0x0000000097100000, 0x0000000097200000, 0x0000000097200000|100%|HC|  |TS  0|AC  0|TAMS 0x0000000097200000, 0x0000000097200000|
|  96|0x0000000097200000, 0x0000000097300000, 0x0000000097300000|100%|HC|  |TS  0|AC  0|TAMS 0x0000000097300000, 0x0000000097300000|
|  97|0x0000000097300000, 0x0000000097400000, 0x0000000097400000|100%|HC|  |TS  0|AC  0|TAMS 0x0000000097400000, 0x0000000097400000|
|  98|0x0000000097400000, 0x0000000097500000, 0x0000000097500000|100%|HC|  |TS  0|AC  0|TAMS 0x0000000097500000, 0x0000000097500000|
|  99|0x0000000097500000, 0x0000000097600000, 0x0000000097600000|100%|HC|  |TS  0|AC  0|TAMS 0x0000000097600000, 0x0000000097600000|
| 100|0x0000000097600000, 0x0000000097700000, 0x0000000097700000|100%|HC|  |TS  0|AC  0|TAMS 0x0000000097700000, 0x0000000097700000|
| 101|0x0000000097700000, 0x0000000097800000, 0x0000000097800000|100%|HC|  |TS  0|AC  0|TAMS 0x0000000097800000, 0x0000000097800000|
| 102|0x0000000097800000, 0x0000000097900000, 0x0000000097900000|100%|HC|  |TS  0|AC  0|TAMS 0x0000000097900000, 0x0000000097900000|
| 103|0x0000000097900000, 0x0000000097a00000, 0x0000000097a00000|100%|HC|  |TS  0|AC  0|TAMS 0x0000000097a00000, 0x0000000097a00000|
| 104|0x0000000097a00000, 0x0000000097b00000, 0x0000000097b00000|100%|HC|  |TS  0|AC  0|TAMS 0x0000000097b00000, 0x0000000097b00000|
| 105|0x0000000097b00000, 0x0000000097c00000, 0x0000000097c00000|100%|HC|  |TS  0|AC  0|TAMS 0x0000000097c00000, 0x0000000097c00000|
| 106|0x0000000097c00000, 0x0000000097d00000, 0x0000000097d00000|100%|HC|  |TS  0|AC  0|TAMS 0x0000000097d00000, 0x0000000097d00000|
| 107|0x0000000097d00000, 0x0000000097e00000, 0x0000000097e00000|100%|HC|  |TS  0|AC  0|TAMS 0x0000000097e00000, 0x0000000097e00000|
| 108|0x0000000097e00000, 0x0000000097f00000, 0x0000000097f00000|100%|HC|  |TS  0|AC  0|TAMS 0x0000000097f00000, 0x0000000097f00000|
| 109|0x0000000097f00000, 0x0000000098000000, 0x0000000098000000|100%|HS|  |TS  0|AC  0|TAMS 0x0000000097f00000, 0x0000000098000000|
| 110|0x0000000098000000, 0x0000000098100000, 0x0000000098100000|100%|HC|  |TS  0|AC  0|TAMS 0x0000000098000000, 0x0000000098100000|
| 111|0x0000000098100000, 0x0000000098200000, 0x0000000098200000|100%|HC|  |TS  0|AC  0|TAMS 0x0000000098100000, 0x0000000098200000|
| 112|0x0000000098200000, 0x0000000098300000, 0x0000000098300000|100%|HC|  |TS  0|AC  0|TAMS 0x0000000098200000, 0x0000000098300000|
| 113|0x0000000098300000, 0x0000000098400000, 0x0000000098400000|100%|HC|  |TS  0|AC  0|TAMS 0x0000000098300000, 0x0000000098400000|
| 114|0x0000000098400000, 0x0000000098500000, 0x0000000098500000|100%|HC|  |TS  0|AC  0|TAMS 0x0000000098400000, 0x0000000098500000|
| 115|0x0000000098500000, 0x0000000098600000, 0x0000000098600000|100%|HC|  |TS  0|AC  0|TAMS 0x0000000098500000, 0x0000000098600000|
| 116|0x0000000098600000, 0x0000000098700000, 0x0000000098700000|100%|HC|  |TS  0|AC  0|TAMS 0x0000000098600000, 0x0000000098700000|
| 117|0x0000000098700000, 0x0000000098800000, 0x0000000098800000|100%|HC|  |TS  0|AC  0|TAMS 0x0000000098700000, 0x0000000098800000|
| 118|0x0000000098800000, 0x0000000098900000, 0x0000000098900000|100%|HC|  |TS  0|AC  0|TAMS 0x0000000098800000, 0x0000000098900000|
| 119|0x0000000098900000, 0x0000000098a00000, 0x0000000098a00000|100%|HC|  |TS  0|AC  0|TAMS 0x0000000098900000, 0x0000000098a00000|
| 120|0x0000000098a00000, 0x0000000098b00000, 0x0000000098b00000|100%|HC|  |TS  0|AC  0|TAMS 0x0000000098a00000, 0x0000000098b00000|
| 121|0x0000000098b00000, 0x0000000098c00000, 0x0000000098c00000|100%|HC|  |TS  0|AC  0|TAMS 0x0000000098b00000, 0x0000000098c00000|
| 122|0x0000000098c00000, 0x0000000098d00000, 0x0000000098d00000|100%|HC|  |TS  0|AC  0|TAMS 0x0000000098c00000, 0x0000000098d00000|
| 123|0x0000000098d00000, 0x0000000098e00000, 0x0000000098e00000|100%|HC|  |TS  0|AC  0|TAMS 0x0000000098d00000, 0x0000000098e00000|
| 124|0x0000000098e00000, 0x0000000098f00000, 0x0000000098f00000|100%|HC|  |TS  0|AC  0|TAMS 0x0000000098e00000, 0x0000000098f00000|
| 125|0x0000000098f00000, 0x0000000099000000, 0x0000000099000000|100%|HC|  |TS  0|AC  0|TAMS 0x0000000098f00000, 0x0000000099000000|
| 126|0x0000000099000000, 0x0000000099000000, 0x0000000099100000|  0%| F|  |TS  0|AC  0|TAMS 0x0000000099000000, 0x0000000099000000|
| 127|0x0000000099100000, 0x0000000099100000, 0x0000000099200000|  0%| F|  |TS  0|AC  0|TAMS 0x0000000099100000, 0x0000000099100000|
| 128|0x0000000099200000, 0x0000000099200000, 0x0000000099300000|  0%| F|  |TS  0|AC  0|TAMS 0x0000000099200000, 0x0000000099200000|
| 129|0x0000000099300000, 0x0000000099300000, 0x0000000099400000|  0%| F|  |TS  0|AC  0|TAMS 0x0000000099300000, 0x0000000099300000|
| 130|0x0000000099400000, 0x0000000099400000, 0x0000000099500000|  0%| F|  |TS  0|AC  0|TAMS 0x0000000099400000, 0x0000000099400000|
| 131|0x0000000099500000, 0x0000000099500000, 0x0000000099600000|  0%| F|  |TS  0|AC  0|TAMS 0x0000000099500000, 0x0000000099500000|
| 132|0x0000000099600000, 0x0000000099600000, 0x0000000099700000|  0%| F|  |TS  0|AC  0|TAMS 0x0000000099600000, 0x0000000099600000|
| 133|0x0000000099700000, 0x0000000099700000, 0x0000000099800000|  0%| F|  |TS  0|AC  0|TAMS 0x0000000099700000, 0x0000000099700000|
| 134|0x0000000099800000, 0x0000000099800000, 0x0000000099900000|  0%| F|  |TS  0|AC  0|TAMS 0x0000000099800000, 0x0000000099800000|
| 135|0x0000000099900000, 0x0000000099900000, 0x0000000099a00000|  0%| F|  |TS  0|AC  0|TAMS 0x0000000099900000, 0x0000000099900000|
| 136|0x0000000099a00000, 0x0000000099a00000, 0x0000000099b00000|  0%| F|  |TS  0|AC  0|TAMS 0x0000000099a00000, 0x0000000099a00000|
| 137|0x0000000099b00000, 0x0000000099b00000, 0x0000000099c00000|  0%| F|  |TS  0|AC  0|TAMS 0x0000000099b00000, 0x0000000099b00000|
| 138|0x0000000099c00000, 0x0000000099c00000, 0x0000000099d00000|  0%| F|  |TS  0|AC  0|TAMS 0x0000000099c00000, 0x0000000099c00000|
| 139|0x0000000099d00000, 0x0000000099d00000, 0x0000000099e00000|  0%| F|  |TS  0|AC  0|TAMS 0x0000000099d00000, 0x0000000099d00000|
| 140|0x0000000099e00000, 0x0000000099e00000, 0x0000000099f00000|  0%| F|  |TS  3|AC  0|TAMS 0x0000000099e00000, 0x0000000099e00000|
| 141|0x0000000099f00000, 0x0000000099f00000, 0x000000009a000000|  0%| F|  |TS  1|AC  0|TAMS 0x0000000099f00000, 0x0000000099f00000|
| 142|0x000000009a000000, 0x000000009a000000, 0x000000009a100000|  0%| F|  |TS  1|AC  0|TAMS 0x000000009a000000, 0x000000009a000000|
| 143|0x000000009a100000, 0x000000009a100000, 0x000000009a200000|  0%| F|  |TS  1|AC  0|TAMS 0x000000009a100000, 0x000000009a100000|
| 144|0x000000009a200000, 0x000000009a200000, 0x000000009a300000|  0%| F|  |TS  1|AC  0|TAMS 0x000000009a200000, 0x000000009a200000|
| 145|0x000000009a300000, 0x000000009a300000, 0x000000009a400000|  0%| F|  |TS  3|AC  0|TAMS 0x000000009a300000, 0x000000009a300000|
| 146|0x000000009a400000, 0x000000009a400000, 0x000000009a500000|  0%| F|  |TS  3|AC  0|TAMS 0x000000009a400000, 0x000000009a400000|
| 147|0x000000009a500000, 0x000000009a500000, 0x000000009a600000|  0%| F|  |TS  1|AC  0|TAMS 0x000000009a500000, 0x000000009a500000|
| 148|0x000000009a600000, 0x000000009a600000, 0x000000009a700000|  0%| F|  |TS  1|AC  0|TAMS 0x000000009a600000, 0x000000009a600000|
| 149|0x000000009a700000, 0x000000009a700000, 0x000000009a800000|  0%| F|  |TS  1|AC  0|TAMS 0x000000009a700000, 0x000000009a700000|
| 150|0x000000009a800000, 0x000000009a800000, 0x000000009a900000|  0%| F|  |TS  1|AC  0|TAMS 0x000000009a800000, 0x000000009a800000|
| 151|0x000000009a900000, 0x000000009a900000, 0x000000009aa00000|  0%| F|  |TS  1|AC  0|TAMS 0x000000009a900000, 0x000000009a900000|
| 152|0x000000009aa00000, 0x000000009aa00000, 0x000000009ab00000|  0%| F|  |TS  1|AC  0|TAMS 0x000000009aa00000, 0x000000009aa00000|
| 153|0x000000009ab00000, 0x000000009abd5c00, 0x000000009ac00000| 83%| S|CS|TS  3|AC  0|TAMS 0x000000009ab00000, 0x000000009ab00000|
| 154|0x000000009ac00000, 0x000000009ad00000, 0x000000009ad00000|100%| S|CS|TS  3|AC  0|TAMS 0x000000009ac00000, 0x000000009ac00000|
| 155|0x000000009ad00000, 0x000000009ae00000, 0x000000009ae00000|100%| S|CS|TS  3|AC  0|TAMS 0x000000009ad00000, 0x000000009ad00000|
| 156|0x000000009ae00000, 0x000000009ae00000, 0x000000009af00000|  0%| F|  |TS  3|AC  0|TAMS 0x000000009ae00000, 0x000000009ae00000|
| 157|0x000000009af00000, 0x000000009af00000, 0x000000009b000000|  0%| F|  |TS  3|AC  0|TAMS 0x000000009af00000, 0x000000009af00000|
| 158|0x000000009b000000, 0x000000009b000000, 0x000000009b100000|  0%| F|  |TS  3|AC  0|TAMS 0x000000009b000000, 0x000000009b000000|
| 159|0x000000009b100000, 0x000000009b100000, 0x000000009b200000|  0%| F|  |TS  3|AC  0|TAMS 0x000000009b100000, 0x000000009b100000|
| 160|0x000000009b200000, 0x000000009b200000, 0x000000009b300000|  0%| F|  |TS  3|AC  0|TAMS 0x000000009b200000, 0x000000009b200000|
| 161|0x000000009b300000, 0x000000009b300000, 0x000000009b400000|  0%| F|  |TS  3|AC  0|TAMS 0x000000009b300000, 0x000000009b300000|
| 162|0x000000009b400000, 0x000000009b400000, 0x000000009b500000|  0%| F|  |TS  3|AC  0|TAMS 0x000000009b400000, 0x000000009b400000|
| 163|0x000000009b500000, 0x000000009b500000, 0x000000009b600000|  0%| F|  |TS  3|AC  0|TAMS 0x000000009b500000, 0x000000009b500000|
| 164|0x000000009b600000, 0x000000009b600000, 0x000000009b700000|  0%| F|  |TS  3|AC  0|TAMS 0x000000009b600000, 0x000000009b600000|
| 165|0x000000009b700000, 0x000000009b700000, 0x000000009b800000|  0%| F|  |TS  3|AC  0|TAMS 0x000000009b700000, 0x000000009b700000|
| 166|0x000000009b800000, 0x000000009b800000, 0x000000009b900000|  0%| F|  |TS  3|AC  0|TAMS 0x000000009b800000, 0x000000009b800000|
| 167|0x000000009b900000, 0x000000009b900000, 0x000000009ba00000|  0%| F|  |TS  3|AC  0|TAMS 0x000000009b900000, 0x000000009b900000|
| 168|0x000000009ba00000, 0x000000009ba00000, 0x000000009bb00000|  0%| F|  |TS  3|AC  0|TAMS 0x000000009ba00000, 0x000000009ba00000|
| 169|0x000000009bb00000, 0x000000009bb00000, 0x000000009bc00000|  0%| F|  |TS  3|AC  0|TAMS 0x000000009bb00000, 0x000000009bb00000|
| 170|0x000000009bc00000, 0x000000009bc00000, 0x000000009bd00000|  0%| F|  |TS  3|AC  0|TAMS 0x000000009bc00000, 0x000000009bc00000|
| 171|0x000000009bd00000, 0x000000009bd00000, 0x000000009be00000|  0%| F|  |TS  3|AC  0|TAMS 0x000000009bd00000, 0x000000009bd00000|
| 172|0x000000009be00000, 0x000000009be00000, 0x000000009bf00000|  0%| F|  |TS  3|AC  0|TAMS 0x000000009be00000, 0x000000009be00000|
| 173|0x000000009bf00000, 0x000000009bf00000, 0x000000009c000000|  0%| F|  |TS  3|AC  0|TAMS 0x000000009bf00000, 0x000000009bf00000|
| 174|0x000000009c000000, 0x000000009c000000, 0x000000009c100000|  0%| F|  |TS  3|AC  0|TAMS 0x000000009c000000, 0x000000009c000000|
| 175|0x000000009c100000, 0x000000009c100000, 0x000000009c200000|  0%| F|  |TS  3|AC  0|TAMS 0x000000009c100000, 0x000000009c100000|
| 176|0x000000009c200000, 0x000000009c200000, 0x000000009c300000|  0%| F|  |TS  3|AC  0|TAMS 0x000000009c200000, 0x000000009c200000|
| 177|0x000000009c300000, 0x000000009c300000, 0x000000009c400000|  0%| F|  |TS  3|AC  0|TAMS 0x000000009c300000, 0x000000009c300000|
| 178|0x000000009c400000, 0x000000009c400000, 0x000000009c500000|  0%| F|  |TS  3|AC  0|TAMS 0x000000009c400000, 0x000000009c400000|
| 179|0x000000009c500000, 0x000000009c500000, 0x000000009c600000|  0%| F|  |TS  3|AC  0|TAMS 0x000000009c500000, 0x000000009c500000|
| 180|0x000000009c600000, 0x000000009c600000, 0x000000009c700000|  0%| F|  |TS  3|AC  0|TAMS 0x000000009c600000, 0x000000009c600000|
| 181|0x000000009c700000, 0x000000009c700000, 0x000000009c800000|  0%| F|  |TS  3|AC  0|TAMS 0x000000009c700000, 0x000000009c700000|

Card table byte_map: [0x00000095fde10000,0x00000095fe190000] byte_map_base: 0x00000095fd987000

Marking Bits (Prev, Next): (CMBitMap*) 0x00000095fabb14f8, (CMBitMap*) 0x00000095fabb14c0
 Prev Bits: [0x000000959b210000, 0x000000959cdc8000)
 Next Bits: [0x0000009599650000, 0x000000959b208000)

Polling page: 0x00000095faab0000

CodeHeap 'non-profiled nmethods': size=238912Kb used=9734Kb max_used=9734Kb free=229177Kb
 bounds [0x000000958ad00000, 0x000000958b690000, 0x0000009599650000]
CodeHeap 'non-nmethods': size=6848Kb used=2515Kb max_used=2515Kb free=4332Kb
 bounds [0x000000958a650000, 0x000000958a8d0000, 0x000000958ad00000]
 total_blobs=6417 nmethods=5703 adapters=556
 compilation: enabled

Compilation events (10 events):
Event: 36.357 Thread 0x00000095ff624000 nmethod 5766 0x000000958b1f0310 code [0x000000958b1f04c0, 0x000000958b1f05d0]
Event: 36.357 Thread 0x00000095ff632000 nmethod 5765 0x000000958b250710 code [0x000000958b2508c0, 0x000000958b250a40]
Event: 36.364 Thread 0x00000095ff5a0800 5767       1       java.lang.reflect.Constructor::getDeclaredAnnotations (5 bytes)
Event: 36.365 Thread 0x00000095ff624000 5768       1       java.lang.ThreadLocal::setInitialValue (36 bytes)
Event: 36.365 Thread 0x00000095ff5a0800 nmethod 5767 0x000000958b250290 code [0x000000958b250460, 0x000000958b250630]
Event: 36.365 Thread 0x00000095ff624000 nmethod 5768 0x000000958b24fd90 code [0x000000958b24ff60, 0x000000958b250160]
Event: 36.373 Thread 0x00000095ff632000 5769       1       org.springframework.cglib.core.AbstractClassGenerator::setNamingPolicy (14 bytes)
Event: 36.373 Thread 0x00000095ff5a0800 5770       1       org.springframework.cglib.core.AbstractClassGenerator::setStrategy (14 bytes)
Event: 36.374 Thread 0x00000095ff5a0800 nmethod 5770 0x000000958b24f890 code [0x000000958b24fa40, 0x000000958b24fbb8]
Event: 36.374 Thread 0x00000095ff632000 nmethod 5769 0x000000958b287390 code [0x000000958b287540, 0x000000958b2876b8]

GC Heap History (10 events):
Event: 34.649 GC heap after
{Heap after GC invocations=36 (full 0):
 garbage-first heap   total 140288K, used 106305K [0x0000000091200000, 0x0000000091300448, 0x0000000100000000)
  region size 1024K, 2 young (2048K), 2 survivors (2048K)
 Metaspace       used 53175K, capacity 56746K, committed 56860K, reserved 1097728K
  class space    used 6872K, capacity 7673K, committed 7708K, reserved 1048576K
}
Event: 34.759 GC heap before
{Heap before GC invocations=36 (full 0):
 garbage-first heap   total 140288K, used 118593K [0x0000000091200000, 0x0000000091300448, 0x0000000100000000)
  region size 1024K, 14 young (14336K), 2 survivors (2048K)
 Metaspace       used 53302K, capacity 56918K, committed 57116K, reserved 1099776K
  class space    used 6887K, capacity 7707K, committed 7708K, reserved 1048576K
}
Event: 34.767 GC heap after
{Heap after GC invocations=37 (full 0):
 garbage-first heap   total 186368K, used 106618K [0x0000000091200000, 0x00000000913005b0, 0x0000000100000000)
  region size 1024K, 2 young (2048K), 2 survivors (2048K)
 Metaspace       used 53302K, capacity 56918K, committed 57116K, reserved 1099776K
  class space    used 6887K, capacity 7707K, committed 7708K, reserved 1048576K
}
Event: 35.199 GC heap before
{Heap before GC invocations=38 (full 0):
 garbage-first heap   total 186368K, used 139386K [0x0000000091200000, 0x00000000913005b0, 0x0000000100000000)
  region size 1024K, 34 young (34816K), 2 survivors (2048K)
 Metaspace       used 53842K, capacity 57478K, committed 57756K, reserved 1099776K
  class space    used 6962K, capacity 7781K, committed 7836K, reserved 1048576K
}
Event: 35.209 GC heap after
{Heap after GC invocations=39 (full 0):
 garbage-first heap   total 186368K, used 108014K [0x0000000091200000, 0x00000000913005b0, 0x0000000100000000)
  region size 1024K, 3 young (3072K), 3 survivors (3072K)
 Metaspace       used 53842K, capacity 57478K, committed 57756K, reserved 1099776K
  class space    used 6962K, capacity 7781K, committed 7836K, reserved 1048576K
}
Event: 35.641 GC heap before
{Heap before GC invocations=39 (full 0):
 garbage-first heap   total 186368K, used 142830K [0x0000000091200000, 0x00000000913005b0, 0x0000000100000000)
  region size 1024K, 37 young (37888K), 3 survivors (3072K)
 Metaspace       used 54796K, capacity 58514K, committed 58652K, reserved 1099776K
  class space    used 7108K, capacity 7935K, committed 7964K, reserved 1048576K
}
Event: 35.653 GC heap after
{Heap after GC invocations=40 (full 0):
 garbage-first heap   total 186368K, used 109597K [0x0000000091200000, 0x00000000913005b0, 0x0000000100000000)
  region size 1024K, 4 young (4096K), 4 survivors (4096K)
 Metaspace       used 54796K, capacity 58514K, committed 58652K, reserved 1099776K
  class space    used 7108K, capacity 7935K, committed 7964K, reserved 1048576K
}
Event: 36.089 GC heap before
{Heap before GC invocations=41 (full 0):
 garbage-first heap   total 186368K, used 162845K [0x0000000091200000, 0x00000000913005b0, 0x0000000100000000)
  region size 1024K, 39 young (39936K), 4 survivors (4096K)
 Metaspace       used 55116K, capacity 58864K, committed 59036K, reserved 1099776K
  class space    used 7155K, capacity 7988K, committed 8092K, reserved 1048576K
}
Event: 36.102 GC heap after
{Heap after GC invocations=42 (full 0):
 garbage-first heap   total 186368K, used 127928K [0x0000000091200000, 0x00000000913005b0, 0x0000000100000000)
  region size 1024K, 3 young (3072K), 3 survivors (3072K)
 Metaspace       used 55116K, capacity 58864K, committed 59036K, reserved 1099776K
  class space    used 7155K, capacity 7988K, committed 8092K, reserved 1048576K
}
Event: 36.382 GC heap before
{Heap before GC invocations=42 (full 0):
 garbage-first heap   total 186368K, used 154552K [0x0000000091200000, 0x00000000913005b0, 0x0000000100000000)
  region size 1024K, 29 young (29696K), 3 survivors (3072K)
 Metaspace       used 55632K, capacity 59486K, committed 59548K, reserved 1101824K
  class space    used 7232K, capacity 8082K, committed 8092K, reserved 1048576K
}

Deoptimization events (0 events):
No events

Classes redefined (0 events):
No events

Internal exceptions (10 events):
Event: 36.350 Thread 0x00000095fab1c000 Exception <a 'java/lang/ClassNotFoundException'{0x000000009b034d98}: org/springframework/context/annotation/ConfigurationClassEnhancer$EnhancedConfigurationCustomizer> (0x000000009b034d98) thrown at [t:/workspace/hotspot/src/share/vm/classfile/systemDicti
Event: 36.361 Thread 0x00000095fab1c000 Exception <a 'java/lang/ClassNotFoundException'{0x000000009b0e6920}: org/springframework/boot/web/client/RestTemplateBuilderBeanInfo> (0x000000009b0e6920) thrown at [t:/workspace/hotspot/src/share/vm/classfile/systemDictionary.cpp, line 218]
Event: 36.362 Thread 0x00000095fab1c000 Exception <a 'java/lang/ClassNotFoundException'{0x000000009af1f818}: org/springframework/boot/web/client/RestTemplateBuilderCustomizer> (0x000000009af1f818) thrown at [t:/workspace/hotspot/src/share/vm/classfile/systemDictionary.cpp, line 218]
Event: 36.365 Thread 0x00000095fab1c000 Exception <a 'java/lang/ClassNotFoundException'{0x000000009af41878}: java/lang/ObjectCustomizer> (0x000000009af41878) thrown at [t:/workspace/hotspot/src/share/vm/classfile/systemDictionary.cpp, line 218]
Event: 36.367 Thread 0x00000095fab1c000 Exception <a 'java/lang/ClassNotFoundException'{0x000000009af9c4a8}: org/springframework/boot/autoconfigure/web/embedded/EmbeddedWebServerFactoryCustomizerAutoConfigurationCustomizer> (0x000000009af9c4a8) thrown at [t:/workspace/hotspot/src/share/vm/class
Event: 36.369 Thread 0x00000095fab1c000 Exception <a 'java/lang/ClassNotFoundException'{0x000000009ae0a710}: org/springframework/boot/autoconfigure/web/embedded/EmbeddedWebServerFactoryCustomizerAutoConfiguration$$EnhancerBySpringCGLIB$$912b61b7Customizer> (0x000000009ae0a710) thrown at [t:/wor
Event: 36.372 Thread 0x00000095fab1c000 Exception <a 'java/lang/ClassNotFoundException'{0x000000009ae5cec8}: org/springframework/context/annotation/ConfigurationClassEnhancer$EnhancedConfigurationCustomizer> (0x000000009ae5cec8) thrown at [t:/workspace/hotspot/src/share/vm/classfile/systemDicti
Event: 36.375 Thread 0x00000095fab1c000 Exception <a 'java/lang/ClassNotFoundException'{0x000000009ae70e18}: java/lang/ObjectCustomizer> (0x000000009ae70e18) thrown at [t:/workspace/hotspot/src/share/vm/classfile/systemDictionary.cpp, line 218]
Event: 36.378 Thread 0x00000095fab1c000 Exception <a 'java/lang/ClassNotFoundException'{0x000000009aeba1e8}: org/springframework/web/multipart/support/StandardServletMultipartResolverCustomizer> (0x000000009aeba1e8) thrown at [t:/workspace/hotspot/src/share/vm/classfile/systemDictionary.cpp, li
Event: 36.380 Thread 0x00000095fab1c000 Exception <a 'java/lang/ClassNotFoundException'{0x000000009aef5c50}: org/springframework/web/multipart/MultipartResolverCustomizer> (0x000000009aef5c50) thrown at [t:/workspace/hotspot/src/share/vm/classfile/systemDictionary.cpp, line 218]

Events (10 events):
Event: 36.377 loading class org/springframework/web/multipart/support/StandardServletMultipartResolverCustomizer done
Event: 36.378 loading class org/springframework/web/multipart/support/StandardServletMultipartResolverCustomizer
Event: 36.378 loading class org/springframework/web/multipart/support/StandardServletMultipartResolverCustomizer done
Event: 36.378 loading class org/springframework/web/multipart/MultipartResolverCustomizer
Event: 36.378 loading class org/springframework/web/multipart/MultipartResolverCustomizer done
Event: 36.379 loading class org/springframework/web/multipart/MultipartResolverCustomizer
Event: 36.379 loading class org/springframework/web/multipart/MultipartResolverCustomizer done
Event: 36.380 loading class org/springframework/web/multipart/MultipartResolverCustomizer
Event: 36.380 loading class org/springframework/web/multipart/MultipartResolverCustomizer done
Event: 36.381 Executing VM operation: G1IncCollectionPause


Dynamic libraries:
0x00007ff7641c0000 - 0x00007ff7641fe000 	C:\Program Files\Java\jdk-9.0.1\bin\java.exe
0x00007ff935710000 - 0x00007ff9358b9000 	C:\windows\SYSTEM32\ntdll.dll
0x00007ff934da0000 - 0x00007ff934ed9000 	C:\windows\system32\KERNEL32.DLL
0x00007ff932c60000 - 0x00007ff932d6e000 	C:\windows\system32\KERNELBASE.dll
0x00007ff935660000 - 0x00007ff935705000 	C:\windows\system32\ADVAPI32.dll
0x00007ff935420000 - 0x00007ff935591000 	C:\windows\system32\USER32.dll
0x00007ff92f440000 - 0x00007ff92f69a000 	C:\windows\WinSxS\amd64_microsoft.windows.common-controls_6595b64144ccf1df_6.0.9600.16384_none_62475f7becb72503\COMCTL32.dll
0x00007ff930e60000 - 0x00007ff930e6a000 	C:\windows\SYSTEM32\VERSION.dll
0x00007ff932fa0000 - 0x00007ff933047000 	C:\windows\system32\msvcrt.dll
0x00007ff934910000 - 0x00007ff934967000 	C:\windows\SYSTEM32\sechost.dll
0x00007ff934c60000 - 0x00007ff934d96000 	C:\windows\system32\RPCRT4.dll
0x00007ff934970000 - 0x00007ff934ab5000 	C:\windows\system32\GDI32.dll
0x00007ff934b80000 - 0x00007ff934bb4000 	C:\windows\system32\IMM32.DLL
0x00007ff935100000 - 0x00007ff935239000 	C:\windows\system32\MSCTF.dll
0x00007ff9271a0000 - 0x00007ff92728f000 	C:\Program Files\Java\jdk-9.0.1\bin\msvcr120.dll
0x00007ff926e50000 - 0x00007ff926ef6000 	C:\Program Files\Java\jdk-9.0.1\bin\msvcp120.dll
0x000000005ded0000 - 0x000000005e8f4000 	C:\Program Files\Java\jdk-9.0.1\bin\server\jvm.dll
0x00007ff92b850000 - 0x00007ff92b859000 	C:\windows\SYSTEM32\WSOCK32.dll
0x00007ff92b380000 - 0x00007ff92b39f000 	C:\windows\SYSTEM32\WINMM.dll
0x00007ff934be0000 - 0x00007ff934be7000 	C:\windows\system32\PSAPI.DLL
0x00007ff9348b0000 - 0x00007ff934908000 	C:\windows\system32\WS2_32.dll
0x00007ff92b350000 - 0x00007ff92b37a000 	C:\windows\SYSTEM32\WINMMBASE.dll
0x00007ff9355a0000 - 0x00007ff9355a9000 	C:\windows\system32\NSI.dll
0x00007ff932b60000 - 0x00007ff932baa000 	C:\windows\SYSTEM32\cfgmgr32.dll
0x00007ff931910000 - 0x00007ff931936000 	C:\windows\SYSTEM32\DEVOBJ.dll
0x00007ff92c8c0000 - 0x00007ff92c8cf000 	C:\Program Files\Java\jdk-9.0.1\bin\verify.dll
0x00007ff92c890000 - 0x00007ff92c8b7000 	C:\Program Files\Java\jdk-9.0.1\bin\java.dll
0x00007ff926550000 - 0x00007ff92657a000 	C:\Program Files\Java\jdk-9.0.1\bin\instrument.dll
0x00007ff927110000 - 0x00007ff927126000 	C:\Program Files\Java\jdk-9.0.1\bin\zip.dll
0x00007ff92c520000 - 0x00007ff92c52a000 	C:\Program Files\Java\jdk-9.0.1\bin\jimage.dll
0x00007ff933300000 - 0x00007ff93470d000 	C:\windows\system32\SHELL32.dll
0x00007ff9330c0000 - 0x00007ff933297000 	C:\windows\SYSTEM32\combase.dll
0x00007ff9332a0000 - 0x00007ff9332f1000 	C:\windows\system32\SHLWAPI.dll
0x00007ff92fe20000 - 0x00007ff92fec1000 	C:\windows\SYSTEM32\SHCORE.dll
0x00007ff932a90000 - 0x00007ff932aa4000 	C:\windows\SYSTEM32\profapi.dll
0x00007ff926da0000 - 0x00007ff926dba000 	C:\Program Files\Java\jdk-9.0.1\bin\net.dll
0x00007ff92b480000 - 0x00007ff92b545000 	C:\windows\SYSTEM32\WINHTTP.dll
0x00007ff932350000 - 0x00007ff9323a8000 	C:\windows\system32\mswsock.dll
0x00007ff926530000 - 0x00007ff926541000 	C:\Program Files\Java\jdk-9.0.1\bin\nio.dll
0x00007ff9230a0000 - 0x00007ff9230ba000 	E:\IntelliJ IDEA 2017.3.2\bin\breakgen64.dll
0x00007ff92c4f0000 - 0x00007ff92c4f9000 	C:\Program Files\Java\jdk-9.0.1\bin\management.dll
0x00007ff92b840000 - 0x00007ff92b84a000 	C:\Program Files\Java\jdk-9.0.1\bin\management_ext.dll
0x00007ff92b460000 - 0x00007ff92b474000 	C:\windows\system32\napinsp.dll
0x00007ff92b330000 - 0x00007ff92b349000 	C:\windows\system32\pnrpnsp.dll
0x00007ff92e360000 - 0x00007ff92e379000 	C:\windows\system32\NLAapi.dll
0x00007ff932160000 - 0x00007ff932203000 	C:\windows\SYSTEM32\DNSAPI.dll
0x00007ff92b320000 - 0x00007ff92b32c000 	C:\windows\System32\winrnr.dll
0x00007ff92b300000 - 0x00007ff92b313000 	C:\windows\system32\wshbth.dll
0x00007ff9293e0000 - 0x00007ff9293e9000 	C:\Windows\System32\rasadhlp.dll
0x00007ff92ddb0000 - 0x00007ff92ddd9000 	C:\windows\SYSTEM32\IPHLPAPI.DLL
0x00007ff92dd80000 - 0x00007ff92dd8a000 	C:\windows\SYSTEM32\WINNSI.DLL
0x00007ff92da50000 - 0x00007ff92dab7000 	C:\windows\System32\fwpuclnt.dll
0x00007ff9323b0000 - 0x00007ff9323ce000 	C:\windows\SYSTEM32\CRYPTSP.dll
0x00007ff931f90000 - 0x00007ff931fc5000 	C:\windows\system32\rsaenh.dll
0x00007ff9325e0000 - 0x00007ff932606000 	C:\windows\SYSTEM32\bcrypt.dll
0x00007ff9320a0000 - 0x00007ff9320bf000 	C:\windows\SYSTEM32\USERENV.dll
0x00007ff932900000 - 0x00007ff93295e000 	C:\windows\system32\bcryptprimitives.dll
0x00007ff932960000 - 0x00007ff93296a000 	C:\windows\SYSTEM32\CRYPTBASE.dll
0x00007ff92d9c0000 - 0x00007ff92d9d4000 	C:\windows\SYSTEM32\dhcpcsvc6.DLL
0x00007ff92d8c0000 - 0x00007ff92d8d9000 	C:\windows\SYSTEM32\dhcpcsvc.DLL
0x00007ff92b980000 - 0x00007ff92bb08000 	C:\windows\SYSTEM32\dbghelp.dll

VM Arguments:
jvm_args: -XX:TieredStopAtLevel=1 -Xverify:none -Dspring.output.ansi.enabled=always -Dcom.sun.management.jmxremote -Dcom.sun.management.jmxremote.port=57154 -Dcom.sun.management.jmxremote.authenticate=false -Dcom.sun.management.jmxremote.ssl=false -Djava.rmi.server.hostname=localhost -Dspring.liveBeansView.mbeanDomain -Dspring.application.admin.enabled=true -javaagent:E:\IntelliJ IDEA 2017.3.2\lib\idea_rt.jar=57156:E:\IntelliJ IDEA 2017.3.2\bin -Dfile.encoding=UTF-8 
java_command: com.leyou.search.LeyouSearchService
java_class_path (initial): E:\hm44ÎÒµÄ²»ÊÇÀÏÊ¦µÄ\leyou\leyou-search\target\classes;E:\apache-maven-3.5.2\repository\org\springframework\boot\spring-boot-starter-web\2.0.4.RELEASE\spring-boot-starter-web-2.0.4.RELEASE.jar;E:\apache-maven-3.5.2\repository\org\springframework\boot\spring-boot-starter\2.0.4.RELEASE\spring-boot-starter-2.0.4.RELEASE.jar;E:\apache-maven-3.5.2\repository\org\springframework\boot\spring-boot\2.0.4.RELEASE\spring-boot-2.0.4.RELEASE.jar;E:\apache-maven-3.5.2\repository\org\springframework\boot\spring-boot-autoconfigure\2.0.4.RELEASE\spring-boot-autoconfigure-2.0.4.RELEASE.jar;E:\apache-maven-3.5.2\repository\org\springframework\boot\spring-boot-starter-logging\2.0.4.RELEASE\spring-boot-starter-logging-2.0.4.RELEASE.jar;E:\apache-maven-3.5.2\repository\ch\qos\logback\logback-classic\1.2.3\logback-classic-1.2.3.jar;E:\apache-maven-3.5.2\repository\ch\qos\logback\logback-core\1.2.3\logback-core-1.2.3.jar;E:\apache-maven-3.5.2\repository\org\apache\logging\log4j\log4j-to-slf4j\2.10.0\log4j-to-slf4j-2.10.0.jar;E:\apache-maven-3.5.2\repository\org\slf4j\jul-to-slf4j\1.7.25\jul-to-slf4j-1.7.25.jar;E:\apache-maven-3.5.2\repository\javax\annotation\javax.annotation-api\1.3.2\javax.annotation-api-1.3.2.jar;E:\apache-maven-3.5.2\repository\org\yaml\snakeyaml\1.19\snakeyaml-1.19.jar;E:\apache-maven-3.5.2\repository\org\springframework\boot\spring-boot-starter-json\2.0.4.RELEASE\spring-boot-starter-json-2.0.4.RELEASE.jar;E:\apache-maven-3.5.2\repository\com\fasterxml\jackson\core\jackson-databind\2.9.6\jackson-databind-2.9.6.jar;E:\apache-maven-3.5.2\repository\com\fasterxml\jackson\datatype\jackson-datatype-jdk8\2.9.6\jackson-datatype-jdk8-2.9.6.jar;E:\apache-maven-3.5.2\repository\com\fasterxml\jackson\datatype\jackson-datatype-jsr310\2.9.6\jackson-datatype-jsr310-2.9.6.jar;E:\apache-maven-3.5.2\repository\com\fasterxml\jackson\module\jackson-module-parameter-names\2.9.6\jackson-module-parameter-names-2.9.6.jar;E:\apache-maven-3.5.2\repository\org\spr
Launcher Type: SUN_STANDARD

Logging:
Log output configuration:
#0: stdout all=warning uptime,level,tags
#1: stderr all=off uptime,level,tags

Environment Variables:
JAVA_HOME=C:\Program Files\Java\jdk-9.0.1
PATH=C:\Program Files (x86)\Common Files\NetSarang;C:\Program Files\TortoiseSVN\bin;C:\Program Files\Java\jdk-9.0.1\bin;E:\maven\apache-maven-3.5.2\bin;C:\ProgramData\Oracle\Java\javapath;C:\windows\system32;C:\windows;C:\windows\System32\Wbem;C:\windows\System32\WindowsPowerShell\v1.0\;C:\Program Files (x86)\ATI Technologies\ATI.ACE\Core-Static;C:\Program Files\Git\cmd;C:\Program Files\TortoiseGit\bin;C:\Program Files\nodejs\;C:\Users\Administrator\AppData\Roaming\npm
USERNAME=Administrator
OS=Windows_NT
PROCESSOR_IDENTIFIER=AMD64 Family 22 Model 48 Stepping 1, AuthenticAMD



---------------  S Y S T E M  ---------------

OS: Windows 8.1 , 64 bit Build 9600 (6.3.9600.16656)

CPU:total 4 (initial active 4) (4 cores per cpu, 1 threads per core) family 22 model 48 stepping 1, cmov, cx8, fxsr, mmx, sse, sse2, sse3, ssse3, sse4.1, sse4.2, popcnt, avx, aes, clmul, mmxext, 3dnowpref, lzcnt, sse4a, tsc, tscinvbit, tscinv, bmi1

Memory: 4k page, physical 7263204k(1291196k free), swap 7263204k(28376k free)

vm_info: Java HotSpot(TM) 64-Bit Server VM (9.0.1+11) for windows-amd64 JRE (9.0.1+11), built on Sep 28 2017 04:54:03 by "mach5one" with MS VC++ 12.0 (VS2013)

END.
