#
# There is insufficient memory for the Java Runtime Environment to continue.
# Native memory allocation (malloc) failed to allocate 32744 bytes for ChunkPool::allocate
# Possible reasons:
#   The system is out of physical RAM or swap space
#   The process is running with CompressedOops enabled, and the Java Heap may be blocking the growth of the native heap
# Possible solutions:
#   Reduce memory load on the system
#   Increase physical memory or swap space
#   Check if swap backing store is full
#   Decrease Java heap size (-Xmx/-Xms)
#   Decrease number of Java threads
#   Decrease Java thread stack sizes (-Xss)
#   Set larger code cache with -XX:ReservedCodeCacheSize=
#   JVM is running with Unscaled Compressed Oops mode in which the Java heap is
#     placed in the first 4GB address space. The Java Heap base address is the
#     maximum limit for the native heap growth. Please use -XX:HeapBaseMinAddress
#     to set the Java Heap base and to place the Java Heap above 4GB virtual address.
# This output file may be truncated or incomplete.
#
#  Out of Memory Error (t:/workspace/hotspot/src/share/vm/memory/allocation.cpp:256), pid=3748, tid=6128
#
# JRE version: Java(TM) SE Runtime Environment (9.0+11) (build 9.0.1+11)
# Java VM: Java HotSpot(TM) 64-Bit Server VM (9.0.1+11, mixed mode, tiered, compressed oops, g1 gc, windows-amd64)
# No core dump will be written. Minidumps are not enabled by default on client versions of Windows
#

---------------  S U M M A R Y ------------

Command Line: -agentlib:jdwp=transport=dt_socket,address=127.0.0.1:55469,suspend=y,server=n -XX:TieredStopAtLevel=1 -Xverify:none -Dspring.output.ansi.enabled=always -Dcom.sun.management.jmxremote -Dcom.sun.management.jmxremote.port=55468 -Dcom.sun.management.jmxremote.authenticate=false -Dcom.sun.management.jmxremote.ssl=false -Djava.rmi.server.hostname=localhost -Dspring.liveBeansView.mbeanDomain -Dspring.application.admin.enabled=true -Dfile.encoding=UTF-8 com.leyou.search.LeyouSearchService

Host: AMD A8-7410 APU with AMD Radeon R5 Graphics    , 4 cores, 6G,  Windows 8.1 , 64 bit Build 9600 (6.3.9600.16656)
Time: Fri Nov 02 11:34:14 2018 ?D1¨²¡À¨º¡Á?¨º¡À?? elapsed time: 125 seconds (0d 0h 2m 5s)

---------------  T H R E A D  ---------------

Current thread (0x000000167fa51000):  VMThread "VM Thread" [stack: 0x000000167fb90000,0x000000167fc90000] [id=6128]

Stack: [0x000000167fb90000,0x000000167fc90000]
[error occurred during error reporting (printing stack bounds), id 0xe0000001]

Native frames: (J=compiled Java code, j=interpreted, Vv=VM code, C=native code)
V  [jvm.dll+0x5870b8]

[error occurred during error reporting (printing native stack), id 0xe0000001]

VM_Operation (0x0000001617a8e900): BulkRevokeBias, mode: safepoint, requested by thread 0x0000001611922800


---------------  P R O C E S S  ---------------

Java Threads: ( => current thread )
  0x000000161584d800 JavaThread "DiscoveryClient-CacheRefreshExecutor-0" daemon [_thread_blocked, id=1428, stack(0x0000001621600000,0x0000001621700000)]
  0x0000001615850000 JavaThread "DiscoveryClient-HeartbeatExecutor-0" daemon [_thread_blocked, id=7424, stack(0x0000001621400000,0x0000001621500000)]
  0x0000001615850800 JavaThread "RMI TCP Connection(idle)" daemon [_thread_blocked, id=1056, stack(0x0000001621500000,0x0000001621600000)]
  0x000000161584a000 JavaThread "DestroyJavaVM" [_thread_blocked, id=5976, stack(0x000000166d5d0000,0x000000166d6d0000)]
  0x000000161584d000 JavaThread "http-nio-8083-AsyncTimeout" daemon [_thread_blocked, id=3232, stack(0x0000001621300000,0x0000001621400000)]
  0x000000161584c000 JavaThread "http-nio-8083-Acceptor-0" daemon [_thread_in_native, id=1208, stack(0x0000001621200000,0x0000001621300000)]
  0x0000001615849000 JavaThread "http-nio-8083-ClientPoller-1" daemon [_thread_blocked, id=5776, stack(0x0000001621100000,0x0000001621200000)]
  0x000000161584a800 JavaThread "http-nio-8083-ClientPoller-0" daemon [_thread_blocked, id=6188, stack(0x0000001621000000,0x0000001621100000)]
  0x000000161584b800 JavaThread "http-nio-8083-exec-10" daemon [_thread_blocked, id=8100, stack(0x0000001620f00000,0x0000001621000000)]
  0x0000001615848800 JavaThread "http-nio-8083-exec-9" daemon [_thread_blocked, id=7388, stack(0x0000001620e00000,0x0000001620f00000)]
  0x000000161191e000 JavaThread "http-nio-8083-exec-8" daemon [_thread_blocked, id=7628, stack(0x0000001620d00000,0x0000001620e00000)]
  0x0000001611920800 JavaThread "http-nio-8083-exec-7" daemon [_thread_blocked, id=8068, stack(0x0000001620c00000,0x0000001620d00000)]
  0x0000001611f6c000 JavaThread "http-nio-8083-exec-6" daemon [_thread_blocked, id=7704, stack(0x0000001620b00000,0x0000001620c00000)]
  0x0000001611f6d800 JavaThread "http-nio-8083-exec-5" daemon [_thread_blocked, id=7492, stack(0x0000001620a00000,0x0000001620b00000)]
  0x0000001611f6e800 JavaThread "http-nio-8083-exec-4" daemon [_thread_blocked, id=5972, stack(0x0000001620900000,0x0000001620a00000)]
  0x0000001611f6b800 JavaThread "http-nio-8083-exec-3" daemon [_thread_blocked, id=7104, stack(0x0000001620800000,0x0000001620900000)]
  0x0000001611f6d000 JavaThread "http-nio-8083-exec-2" daemon [_thread_blocked, id=5412, stack(0x0000001620700000,0x0000001620800000)]
  0x0000001611f68800 JavaThread "http-nio-8083-exec-1" daemon [_thread_blocked, id=3568, stack(0x0000001620600000,0x0000001620700000)]
  0x0000001611f67800 JavaThread "NioBlockingSelector.BlockPoller-1" daemon [_thread_blocked, id=7772, stack(0x0000001620500000,0x0000001620600000)]
  0x0000001611f69000 JavaThread "DiscoveryClient-InstanceInfoReplicator-0" daemon [_thread_blocked, id=7460, stack(0x0000001620400000,0x0000001620500000)]
  0x0000001611f6a000 JavaThread "DiscoveryClient-1" daemon [_thread_blocked, id=5348, stack(0x0000001620300000,0x0000001620400000)]
  0x0000001611f6a800 JavaThread "DiscoveryClient-0" daemon [_thread_blocked, id=1204, stack(0x0000001620200000,0x0000001620300000)]
  0x0000001611f64000 JavaThread "AsyncResolver-bootstrap-0" daemon [_thread_blocked, id=3012, stack(0x000000161ff00000,0x0000001620000000)]
  0x0000001611f65800 JavaThread "Eureka-JerseyClient-Conn-Cleaner2" daemon [_thread_blocked, id=6420, stack(0x000000161b7c0000,0x000000161b8c0000)]
  0x0000001611f66000 JavaThread "spring.cloud.inetutils" daemon [_thread_blocked, id=5200, stack(0x000000161fa00000,0x000000161fb00000)]
  0x0000001611f67000 JavaThread "elasticsearch[_client_][generic][T#4]" daemon [_thread_blocked, id=6204, stack(0x000000161b8c0000,0x000000161b9c0000)]
  0x0000001611f64800 JavaThread "elasticsearch[_client_][generic][T#3]" daemon [_thread_blocked, id=7056, stack(0x00000016192a0000,0x00000016193a0000)]
  0x0000001611f63000 JavaThread "elasticsearch[_client_][generic][T#2]" daemon [_thread_blocked, id=5052, stack(0x00000016191a0000,0x00000016192a0000)]
  0x0000001611f5f800 JavaThread "elasticsearch[_client_][transport_client_boss][T#8]" daemon [_thread_blocked, id=5652, stack(0x0000001618090000,0x0000001618190000)]
  0x0000001611f62800 JavaThread "elasticsearch[_client_][transport_client_boss][T#7]" daemon [_thread_in_native, id=3416, stack(0x0000001617f90000,0x0000001618090000)]
  0x0000001611f61800 JavaThread "elasticsearch[_client_][transport_client_boss][T#6]" daemon [_thread_in_native, id=5948, stack(0x0000001617e90000,0x0000001617f90000)]
  0x0000001611f61000 JavaThread "elasticsearch[_client_][transport_client_boss][T#5]" daemon [_thread_in_native, id=5988, stack(0x0000001617d90000,0x0000001617e90000)]
  0x0000001611f60000 JavaThread "elasticsearch[_client_][transport_client_boss][T#4]" daemon [_thread_in_native, id=7944, stack(0x0000001617c90000,0x0000001617d90000)]
  0x0000001611923800 JavaThread "elasticsearch[_client_][transport_client_boss][T#3]" daemon [_thread_in_native, id=5864, stack(0x0000001617b90000,0x0000001617c90000)]
  0x0000001611924000 JavaThread "elasticsearch[_client_][transport_client_boss][T#2]" daemon [_thread_in_native, id=8176, stack(0x0000001617a90000,0x0000001617b90000)]
  0x0000001611922800 JavaThread "elasticsearch[_client_][generic][T#1]" daemon [_thread_blocked, id=3536, stack(0x0000001617990000,0x0000001617a90000)]
  0x000000161191f800 JavaThread "elasticsearch[_client_][transport_client_boss][T#1]" daemon [_thread_in_native, id=1336, stack(0x0000001616780000,0x0000001616880000)]
  0x000000161191f000 JavaThread "elasticsearch[_client_][scheduler][T#1]" daemon [_thread_blocked, id=5212, stack(0x0000001616280000,0x0000001616380000)]
  0x0000001611921000 JavaThread "elasticsearch[_client_][[timer]]" daemon [_thread_blocked, id=6040, stack(0x00000016149b0000,0x0000001614ab0000)]
  0x0000001611922000 JavaThread "container-0" [_thread_blocked, id=6096, stack(0x00000016146b0000,0x00000016147b0000)]
  0x000000161191d800 JavaThread "ContainerBackgroundProcessor[StandardEngine[Tomcat]]" daemon [_thread_blocked, id=944, stack(0x00000016145b0000,0x00000016146b0000)]
  0x0000001611ddd000 JavaThread "RMI TCP Connection(idle)" daemon [_thread_blocked, id=5296, stack(0x0000001612eb0000,0x0000001612fb0000)]
  0x0000001611138800 JavaThread "RMI Scheduler(0)" daemon [_thread_blocked, id=5500, stack(0x00000016128d0000,0x00000016129d0000)]
  0x0000001611121000 JavaThread "RMI TCP Connection(idle)" daemon [_thread_blocked, id=4136, stack(0x00000016127d0000,0x00000016128d0000)]
  0x0000001611102000 JavaThread "RMI TCP Connection(idle)" daemon [_thread_blocked, id=5860, stack(0x00000016126d0000,0x00000016127d0000)]
  0x00000016110f8000 JavaThread "RMI TCP Accept-0" daemon [_thread_in_native, id=6928, stack(0x00000016124d0000,0x00000016125d0000)]
  0x0000001611021000 JavaThread "RMI TCP Accept-55468" daemon [_thread_in_native, id=7304, stack(0x00000016120d0000,0x00000016121d0000)]
  0x000000161104b000 JavaThread "RMI TCP Accept-0" daemon [_thread_in_native, id=7940, stack(0x0000001611fd0000,0x00000016120d0000)]
  0x000000160ffc0800 JavaThread "Service Thread" daemon [_thread_blocked, id=7632, stack(0x0000001610500000,0x0000001610600000)]
  0x000000160ffa4800 JavaThread "JDWP Command Reader" daemon [_thread_in_native, id=7768, stack(0x0000001610400000,0x0000001610500000)]
  0x000000160ff98000 JavaThread "JDWP Event Helper Thread" daemon [_thread_blocked, id=6368, stack(0x0000001610300000,0x0000001610400000)]
  0x000000160ff85800 JavaThread "JDWP Transport Listener: dt_socket" daemon [_thread_blocked, id=8164, stack(0x0000001610200000,0x0000001610300000)]
  0x000000167fb55000 JavaThread "Common-Cleaner" daemon [_thread_blocked, id=7760, stack(0x000000160fd00000,0x000000160fe00000)]
  0x000000167faf4800 JavaThread "Sweeper thread" daemon [_thread_blocked, id=2152, stack(0x000000160fc00000,0x000000160fd00000)]
  0x000000167faeb800 JavaThread "C1 CompilerThread2" daemon [_thread_blocked, id=6172, stack(0x000000160fb00000,0x000000160fc00000)]
  0x000000167fa63800 JavaThread "C1 CompilerThread1" daemon [_thread_blocked, id=1344, stack(0x000000160fa00000,0x000000160fb00000)]
  0x000000167fa62800 JavaThread "C1 CompilerThread0" daemon [_thread_blocked, id=5676, stack(0x000000160f900000,0x000000160fa00000)]
  0x000000167fa62000 JavaThread "Attach Listener" daemon [_thread_blocked, id=2916, stack(0x000000160f800000,0x000000160f900000)]
  0x000000167fa61000 JavaThread "Signal Dispatcher" daemon [_thread_blocked, id=5848, stack(0x000000167fee0000,0x000000167ffe0000)]
  0x000000167fa6b000 JavaThread "Finalizer" daemon [_thread_blocked, id=6828, stack(0x000000167fd90000,0x000000167fe90000)]
  0x000000167fa6a000 JavaThread "Reference Handler" daemon [_thread_blocked, id=8096, stack(0x000000167fc90000,0x000000167fd90000)]

Other Threads:
=>0x000000167fa51000 VMThread "VM Thread" [stack: 0x000000167fb90000,0x000000167fc90000] [id=6128]
  0x0000001611101000 WatcherThread [stack: 0x00000016125d0000,0x00000016126d0000] [id=6848]
  0x000000166ba2c800 GCTaskThread "GC Thread#0" [stack: 0x0000001677f00000,0x0000001678000000] [id=8112]
  0x000000166ba30000 GCTaskThread "GC Thread#1" [stack: 0x0000001678000000,0x0000001678100000] [id=6876]
  0x000000166ba31800 GCTaskThread "GC Thread#2" [stack: 0x0000001678100000,0x0000001678200000] [id=4392]
  0x000000166ba34000 GCTaskThread "GC Thread#3" [stack: 0x0000001678200000,0x0000001678300000] [id=6232]
  0x000000166baa2000 ConcurrentGCThread "G1 Main Marker" [stack: 0x000000167d240000,0x000000167d340000] [id=672]
  0x000000166baa4000 ConcurrentGCThread "G1 Marker#0" [stack: 0x000000167d340000,0x000000167d440000] [id=5248]
  0x000000166ba3c800 ConcurrentGCThread "G1 Refine#0" [stack: 0x0000001678a50000,0x0000001678b50000] [id=4424]
  0x000000166ba3b000 ConcurrentGCThread "G1 Refine#1" [stack: 0x0000001678950000,0x0000001678a50000] [id=7520]
  0x000000166ba37000 ConcurrentGCThread "G1 Refine#2" [stack: 0x0000001678850000,0x0000001678950000] [id=6024]
  0x000000166ba35800 ConcurrentGCThread "G1 Refine#3" [stack: 0x0000001678750000,0x0000001678850000] [id=6212]
  0x000000166ba3f000 ConcurrentGCThread "G1 Young RemSet Sampling" [stack: 0x0000001678b50000,0x0000001678c50000] [id=7036]

Threads with active compile tasks:

VM state:at safepoint (normal execution)

VM Mutex/Monitor currently owned by a thread:  ([mutex/lock_event])
[0x000000166ba12130] Threads_lock - owner thread: 0x000000167fa51000

Heap address: 0x0000000091200000, size: 1774 MB, Compressed Oops mode: 32-bit
Narrow klass base: 0x0000000000000000, Narrow klass shift: 3
Compressed class space size: 1073741824 Address: 0x0000000100000000

Heap:
 garbage-first heap   total 297984K, used 193093K [0x0000000091200000, 0x0000000091300918, 0x0000000100000000)
  region size 1024K, 9 young (9216K), 2 survivors (2048K)
 Metaspace       used 64174K, capacity 68474K, committed 68684K, reserved 1107968K
  class space    used 8340K, capacity 9214K, committed 9292K, reserved 1048576K
Heap Regions: E=young(eden), S=young(survivor), O=old, HS=humongous(starts), HC=humongous(continues), CS=collection set, F=free, A=archive, TS=gc time stamp, AC=allocation context, TAMS=top-at-mark-start (previous, next)
|   0|0x0000000091200000, 0x0000000091300000, 0x0000000091300000|100%|HS|  |TS  0|AC  0|TAMS 0x0000000091300000, 0x0000000091300000|
|   1|0x0000000091300000, 0x0000000091400000, 0x0000000091400000|100%| O|  |TS  0|AC  0|TAMS 0x0000000091400000, 0x0000000091400000|
|   2|0x0000000091400000, 0x0000000091500000, 0x0000000091500000|100%| O|  |TS  0|AC  0|TAMS 0x0000000091500000, 0x0000000091500000|
|   3|0x0000000091500000, 0x0000000091600000, 0x0000000091600000|100%| O|  |TS  0|AC  0|TAMS 0x0000000091600000, 0x0000000091600000|
|   4|0x0000000091600000, 0x0000000091700000, 0x0000000091700000|100%| O|  |TS  0|AC  0|TAMS 0x0000000091700000, 0x0000000091700000|
|   5|0x0000000091700000, 0x0000000091800000, 0x0000000091800000|100%| O|  |TS  0|AC  0|TAMS 0x0000000091800000, 0x0000000091800000|
|   6|0x0000000091800000, 0x0000000091900000, 0x0000000091900000|100%| O|  |TS  0|AC  0|TAMS 0x0000000091900000, 0x0000000091900000|
|   7|0x0000000091900000, 0x0000000091a00000, 0x0000000091a00000|100%| O|  |TS  0|AC  0|TAMS 0x0000000091a00000, 0x0000000091a00000|
|   8|0x0000000091a00000, 0x0000000091b00000, 0x0000000091b00000|100%| O|  |TS  0|AC  0|TAMS 0x0000000091b00000, 0x0000000091b00000|
|   9|0x0000000091b00000, 0x0000000091c00000, 0x0000000091c00000|100%| O|  |TS  0|AC  0|TAMS 0x0000000091c00000, 0x0000000091c00000|
|  10|0x0000000091c00000, 0x0000000091d00000, 0x0000000091d00000|100%| O|  |TS  0|AC  0|TAMS 0x0000000091d00000, 0x0000000091d00000|
|  11|0x0000000091d00000, 0x0000000091e00000, 0x0000000091e00000|100%| O|  |TS  0|AC  0|TAMS 0x0000000091e00000, 0x0000000091e00000|
|  12|0x0000000091e00000, 0x0000000091f00000, 0x0000000091f00000|100%| O|  |TS  0|AC  0|TAMS 0x0000000091f00000, 0x0000000091f00000|
|  13|0x0000000091f00000, 0x0000000092000000, 0x0000000092000000|100%| O|  |TS  0|AC  0|TAMS 0x0000000092000000, 0x0000000092000000|
|  14|0x0000000092000000, 0x0000000092100000, 0x0000000092100000|100%| O|  |TS  0|AC  0|TAMS 0x0000000092100000, 0x0000000092100000|
|  15|0x0000000092100000, 0x0000000092200000, 0x0000000092200000|100%| O|  |TS  0|AC  0|TAMS 0x0000000092200000, 0x0000000092200000|
|  16|0x0000000092200000, 0x0000000092300000, 0x0000000092300000|100%| O|  |TS  0|AC  0|TAMS 0x0000000092300000, 0x0000000092300000|
|  17|0x0000000092300000, 0x0000000092400000, 0x0000000092400000|100%| O|  |TS  0|AC  0|TAMS 0x0000000092400000, 0x0000000092400000|
|  18|0x0000000092400000, 0x0000000092500000, 0x0000000092500000|100%| O|  |TS  0|AC  0|TAMS 0x0000000092500000, 0x0000000092500000|
|  19|0x0000000092500000, 0x0000000092600000, 0x0000000092600000|100%| O|  |TS  0|AC  0|TAMS 0x0000000092600000, 0x0000000092600000|
|  20|0x0000000092600000, 0x0000000092700000, 0x0000000092700000|100%| O|  |TS  0|AC  0|TAMS 0x0000000092700000, 0x0000000092700000|
|  21|0x0000000092700000, 0x0000000092800000, 0x0000000092800000|100%| O|  |TS  0|AC  0|TAMS 0x0000000092800000, 0x0000000092800000|
|  22|0x0000000092800000, 0x0000000092900000, 0x0000000092900000|100%| O|  |TS  0|AC  0|TAMS 0x0000000092900000, 0x0000000092900000|
|  23|0x0000000092900000, 0x0000000092a00000, 0x0000000092a00000|100%| O|  |TS  0|AC  0|TAMS 0x0000000092a00000, 0x0000000092a00000|
|  24|0x0000000092a00000, 0x0000000092b00000, 0x0000000092b00000|100%| O|  |TS  0|AC  0|TAMS 0x0000000092b00000, 0x0000000092b00000|
|  25|0x0000000092b00000, 0x0000000092c00000, 0x0000000092c00000|100%| O|  |TS  0|AC  0|TAMS 0x0000000092c00000, 0x0000000092c00000|
|  26|0x0000000092c00000, 0x0000000092d00000, 0x0000000092d00000|100%| O|  |TS  0|AC  0|TAMS 0x0000000092d00000, 0x0000000092d00000|
|  27|0x0000000092d00000, 0x0000000092e00000, 0x0000000092e00000|100%| O|  |TS  0|AC  0|TAMS 0x0000000092e00000, 0x0000000092e00000|
|  28|0x0000000092e00000, 0x0000000092f00000, 0x0000000092f00000|100%| O|  |TS  0|AC  0|TAMS 0x0000000092f00000, 0x0000000092f00000|
|  29|0x0000000092f00000, 0x0000000093000000, 0x0000000093000000|100%| O|  |TS  0|AC  0|TAMS 0x0000000093000000, 0x0000000093000000|
|  30|0x0000000093000000, 0x0000000093100000, 0x0000000093100000|100%| O|  |TS  0|AC  0|TAMS 0x0000000093100000, 0x0000000093100000|
|  31|0x0000000093100000, 0x0000000093200000, 0x0000000093200000|100%| O|  |TS  0|AC  0|TAMS 0x0000000093200000, 0x0000000093200000|
|  32|0x0000000093200000, 0x0000000093300000, 0x0000000093300000|100%| O|  |TS  0|AC  0|TAMS 0x0000000093300000, 0x0000000093300000|
|  33|0x0000000093300000, 0x0000000093400000, 0x0000000093400000|100%|HS|  |TS  0|AC  0|TAMS 0x0000000093400000, 0x0000000093400000|
|  34|0x0000000093400000, 0x0000000093500000, 0x0000000093500000|100%|HC|  |TS  0|AC  0|TAMS 0x0000000093500000, 0x0000000093500000|
|  35|0x0000000093500000, 0x0000000093600000, 0x0000000093600000|100%|HC|  |TS  0|AC  0|TAMS 0x0000000093600000, 0x0000000093600000|
|  36|0x0000000093600000, 0x0000000093700000, 0x0000000093700000|100%|HC|  |TS  0|AC  0|TAMS 0x0000000093700000, 0x0000000093700000|
|  37|0x0000000093700000, 0x0000000093800000, 0x0000000093800000|100%|HC|  |TS  0|AC  0|TAMS 0x0000000093800000, 0x0000000093800000|
|  38|0x0000000093800000, 0x0000000093900000, 0x0000000093900000|100%|HC|  |TS  0|AC  0|TAMS 0x0000000093900000, 0x0000000093900000|
|  39|0x0000000093900000, 0x0000000093a00000, 0x0000000093a00000|100%|HC|  |TS  0|AC  0|TAMS 0x0000000093a00000, 0x0000000093a00000|
|  40|0x0000000093a00000, 0x0000000093b00000, 0x0000000093b00000|100%|HC|  |TS  0|AC  0|TAMS 0x0000000093b00000, 0x0000000093b00000|
|  41|0x0000000093b00000, 0x0000000093c00000, 0x0000000093c00000|100%|HC|  |TS  0|AC  0|TAMS 0x0000000093c00000, 0x0000000093c00000|
|  42|0x0000000093c00000, 0x0000000093d00000, 0x0000000093d00000|100%|HC|  |TS  0|AC  0|TAMS 0x0000000093d00000, 0x0000000093d00000|
|  43|0x0000000093d00000, 0x0000000093e00000, 0x0000000093e00000|100%|HC|  |TS  0|AC  0|TAMS 0x0000000093e00000, 0x0000000093e00000|
|  44|0x0000000093e00000, 0x0000000093f00000, 0x0000000093f00000|100%|HC|  |TS  0|AC  0|TAMS 0x0000000093f00000, 0x0000000093f00000|
|  45|0x0000000093f00000, 0x0000000094000000, 0x0000000094000000|100%|HC|  |TS  0|AC  0|TAMS 0x0000000094000000, 0x0000000094000000|
|  46|0x0000000094000000, 0x0000000094100000, 0x0000000094100000|100%|HC|  |TS  0|AC  0|TAMS 0x0000000094100000, 0x0000000094100000|
|  47|0x0000000094100000, 0x0000000094200000, 0x0000000094200000|100%|HC|  |TS  0|AC  0|TAMS 0x0000000094200000, 0x0000000094200000|
|  48|0x0000000094200000, 0x0000000094300000, 0x0000000094300000|100%|HC|  |TS  0|AC  0|TAMS 0x0000000094300000, 0x0000000094300000|
|  49|0x0000000094300000, 0x0000000094400000, 0x0000000094400000|100%|HC|  |TS  0|AC  0|TAMS 0x0000000094400000, 0x0000000094400000|
|  50|0x0000000094400000, 0x0000000094500000, 0x0000000094500000|100%| O|  |TS  0|AC  0|TAMS 0x0000000094500000, 0x0000000094500000|
|  51|0x0000000094500000, 0x0000000094600000, 0x0000000094600000|100%| O|  |TS  0|AC  0|TAMS 0x0000000094600000, 0x0000000094600000|
|  52|0x0000000094600000, 0x0000000094700000, 0x0000000094700000|100%| O|  |TS  0|AC  0|TAMS 0x0000000094700000, 0x0000000094700000|
|  53|0x0000000094700000, 0x0000000094800000, 0x0000000094800000|100%| O|  |TS  0|AC  0|TAMS 0x0000000094800000, 0x0000000094800000|
|  54|0x0000000094800000, 0x0000000094900000, 0x0000000094900000|100%| O|  |TS  0|AC  0|TAMS 0x0000000094900000, 0x0000000094900000|
|  55|0x0000000094900000, 0x0000000094a00000, 0x0000000094a00000|100%| O|  |TS  0|AC  0|TAMS 0x0000000094a00000, 0x0000000094a00000|
|  56|0x0000000094a00000, 0x0000000094b00000, 0x0000000094b00000|100%| O|  |TS  0|AC  0|TAMS 0x0000000094b00000, 0x0000000094b00000|
|  57|0x0000000094b00000, 0x0000000094c00000, 0x0000000094c00000|100%| O|  |TS  0|AC  0|TAMS 0x0000000094c00000, 0x0000000094c00000|
|  58|0x0000000094c00000, 0x0000000094d00000, 0x0000000094d00000|100%| O|  |TS  0|AC  0|TAMS 0x0000000094d00000, 0x0000000094d00000|
|  59|0x0000000094d00000, 0x0000000094e00000, 0x0000000094e00000|100%| O|  |TS  0|AC  0|TAMS 0x0000000094e00000, 0x0000000094e00000|
|  60|0x0000000094e00000, 0x0000000094f00000, 0x0000000094f00000|100%| O|  |TS  0|AC  0|TAMS 0x0000000094f00000, 0x0000000094f00000|
|  61|0x0000000094f00000, 0x0000000095000000, 0x0000000095000000|100%|HS|  |TS  0|AC  0|TAMS 0x0000000095000000, 0x0000000095000000|
|  62|0x0000000095000000, 0x0000000095100000, 0x0000000095100000|100%|HC|  |TS  0|AC  0|TAMS 0x0000000095100000, 0x0000000095100000|
|  63|0x0000000095100000, 0x0000000095200000, 0x0000000095200000|100%|HC|  |TS  0|AC  0|TAMS 0x0000000095200000, 0x0000000095200000|
|  64|0x0000000095200000, 0x0000000095300000, 0x0000000095300000|100%|HC|  |TS  0|AC  0|TAMS 0x0000000095300000, 0x0000000095300000|
|  65|0x0000000095300000, 0x0000000095400000, 0x0000000095400000|100%|HC|  |TS  0|AC  0|TAMS 0x0000000095400000, 0x0000000095400000|
|  66|0x0000000095400000, 0x0000000095500000, 0x0000000095500000|100%|HC|  |TS  0|AC  0|TAMS 0x0000000095500000, 0x0000000095500000|
|  67|0x0000000095500000, 0x0000000095600000, 0x0000000095600000|100%|HC|  |TS  0|AC  0|TAMS 0x0000000095600000, 0x0000000095600000|
|  68|0x0000000095600000, 0x0000000095700000, 0x0000000095700000|100%|HC|  |TS  0|AC  0|TAMS 0x0000000095700000, 0x0000000095700000|
|  69|0x0000000095700000, 0x0000000095800000, 0x0000000095800000|100%|HC|  |TS  0|AC  0|TAMS 0x0000000095800000, 0x0000000095800000|
|  70|0x0000000095800000, 0x0000000095900000, 0x0000000095900000|100%|HC|  |TS  0|AC  0|TAMS 0x0000000095900000, 0x0000000095900000|
|  71|0x0000000095900000, 0x0000000095a00000, 0x0000000095a00000|100%|HC|  |TS  0|AC  0|TAMS 0x0000000095a00000, 0x0000000095a00000|
|  72|0x0000000095a00000, 0x0000000095b00000, 0x0000000095b00000|100%|HC|  |TS  0|AC  0|TAMS 0x0000000095b00000, 0x0000000095b00000|
|  73|0x0000000095b00000, 0x0000000095c00000, 0x0000000095c00000|100%|HC|  |TS  0|AC  0|TAMS 0x0000000095c00000, 0x0000000095c00000|
|  74|0x0000000095c00000, 0x0000000095d00000, 0x0000000095d00000|100%|HC|  |TS  0|AC  0|TAMS 0x0000000095d00000, 0x0000000095d00000|
|  75|0x0000000095d00000, 0x0000000095e00000, 0x0000000095e00000|100%|HC|  |TS  0|AC  0|TAMS 0x0000000095e00000, 0x0000000095e00000|
|  76|0x0000000095e00000, 0x0000000095f00000, 0x0000000095f00000|100%|HC|  |TS  0|AC  0|TAMS 0x0000000095f00000, 0x0000000095f00000|
|  77|0x0000000095f00000, 0x0000000096000000, 0x0000000096000000|100%|HC|  |TS  0|AC  0|TAMS 0x0000000096000000, 0x0000000096000000|
|  78|0x0000000096000000, 0x00000000960a9c00, 0x0000000096100000| 66%| O|  |TS  0|AC  0|TAMS 0x00000000960a9c00, 0x00000000960a9c00|
|  79|0x0000000096100000, 0x0000000096100000, 0x0000000096200000|  0%| F|  |TS  0|AC  0|TAMS 0x0000000096100000, 0x0000000096100000|
|  80|0x0000000096200000, 0x0000000096200000, 0x0000000096300000|  0%| F|  |TS  0|AC  0|TAMS 0x0000000096200000, 0x0000000096200000|
|  81|0x0000000096300000, 0x0000000096300000, 0x0000000096400000|  0%| F|  |TS  0|AC  0|TAMS 0x0000000096300000, 0x0000000096300000|
|  82|0x0000000096400000, 0x0000000096400000, 0x0000000096500000|  0%| F|  |TS  0|AC  0|TAMS 0x0000000096400000, 0x0000000096400000|
|  83|0x0000000096500000, 0x0000000096500000, 0x0000000096600000|  0%| F|  |TS  0|AC  0|TAMS 0x0000000096500000, 0x0000000096500000|
|  84|0x0000000096600000, 0x0000000096600000, 0x0000000096700000|  0%| F|  |TS  0|AC  0|TAMS 0x0000000096600000, 0x0000000096600000|
|  85|0x0000000096700000, 0x0000000096700000, 0x0000000096800000|  0%| F|  |TS  0|AC  0|TAMS 0x0000000096700000, 0x0000000096700000|
|  86|0x0000000096800000, 0x0000000096800000, 0x0000000096900000|  0%| F|  |TS  0|AC  0|TAMS 0x0000000096800000, 0x0000000096800000|
|  87|0x0000000096900000, 0x0000000096900000, 0x0000000096a00000|  0%| F|  |TS  0|AC  0|TAMS 0x0000000096900000, 0x0000000096900000|
|  88|0x0000000096a00000, 0x0000000096a00000, 0x0000000096b00000|  0%| F|  |TS  0|AC  0|TAMS 0x0000000096a00000, 0x0000000096a00000|
|  89|0x0000000096b00000, 0x0000000096b00000, 0x0000000096c00000|  0%| F|  |TS  0|AC  0|TAMS 0x0000000096b00000, 0x0000000096b00000|
|  90|0x0000000096c00000, 0x0000000096d00000, 0x0000000096d00000|100%|HS|  |TS  0|AC  0|TAMS 0x0000000096d00000, 0x0000000096d00000|
|  91|0x0000000096d00000, 0x0000000096e00000, 0x0000000096e00000|100%|HC|  |TS  0|AC  0|TAMS 0x0000000096e00000, 0x0000000096e00000|
|  92|0x0000000096e00000, 0x0000000096f00000, 0x0000000096f00000|100%|HC|  |TS  0|AC  0|TAMS 0x0000000096f00000, 0x0000000096f00000|
|  93|0x0000000096f00000, 0x0000000097000000, 0x0000000097000000|100%|HC|  |TS  0|AC  0|TAMS 0x0000000097000000, 0x0000000097000000|
|  94|0x0000000097000000, 0x0000000097100000, 0x0000000097100000|100%|HC|  |TS  0|AC  0|TAMS 0x0000000097100000, 0x0000000097100000|
|  95|0x0000000097100000, 0x0000000097200000, 0x0000000097200000|100%|HC|  |TS  0|AC  0|TAMS 0x0000000097200000, 0x0000000097200000|
|  96|0x0000000097200000, 0x0000000097300000, 0x0000000097300000|100%|HC|  |TS  0|AC  0|TAMS 0x0000000097300000, 0x0000000097300000|
|  97|0x0000000097300000, 0x0000000097400000, 0x0000000097400000|100%|HC|  |TS  0|AC  0|TAMS 0x0000000097400000, 0x0000000097400000|
|  98|0x0000000097400000, 0x0000000097500000, 0x0000000097500000|100%|HC|  |TS  0|AC  0|TAMS 0x0000000097500000, 0x0000000097500000|
|  99|0x0000000097500000, 0x0000000097600000, 0x0000000097600000|100%|HC|  |TS  0|AC  0|TAMS 0x0000000097600000, 0x0000000097600000|
| 100|0x0000000097600000, 0x0000000097700000, 0x0000000097700000|100%|HC|  |TS  0|AC  0|TAMS 0x0000000097700000, 0x0000000097700000|
| 101|0x0000000097700000, 0x0000000097800000, 0x0000000097800000|100%|HC|  |TS  0|AC  0|TAMS 0x0000000097800000, 0x0000000097800000|
| 102|0x0000000097800000, 0x0000000097900000, 0x0000000097900000|100%|HC|  |TS  0|AC  0|TAMS 0x0000000097900000, 0x0000000097900000|
| 103|0x0000000097900000, 0x0000000097a00000, 0x0000000097a00000|100%|HC|  |TS  0|AC  0|TAMS 0x0000000097a00000, 0x0000000097a00000|
| 104|0x0000000097a00000, 0x0000000097b00000, 0x0000000097b00000|100%|HC|  |TS  0|AC  0|TAMS 0x0000000097b00000, 0x0000000097b00000|
| 105|0x0000000097b00000, 0x0000000097c00000, 0x0000000097c00000|100%|HC|  |TS  0|AC  0|TAMS 0x0000000097c00000, 0x0000000097c00000|
| 106|0x0000000097c00000, 0x0000000097d00000, 0x0000000097d00000|100%|HC|  |TS  0|AC  0|TAMS 0x0000000097d00000, 0x0000000097d00000|
| 107|0x0000000097d00000, 0x0000000097d00000, 0x0000000097e00000|  0%| F|  |TS  0|AC  0|TAMS 0x0000000097d00000, 0x0000000097d00000|
| 108|0x0000000097e00000, 0x0000000097e00000, 0x0000000097f00000|  0%| F|  |TS  0|AC  0|TAMS 0x0000000097e00000, 0x0000000097e00000|
| 109|0x0000000097f00000, 0x0000000097f00000, 0x0000000098000000|  0%| F|  |TS  0|AC  0|TAMS 0x0000000097f00000, 0x0000000097f00000|
| 110|0x0000000098000000, 0x0000000098100000, 0x0000000098100000|100%|HS|  |TS  0|AC  0|TAMS 0x0000000098100000, 0x0000000098100000|
| 111|0x0000000098100000, 0x0000000098200000, 0x0000000098200000|100%|HC|  |TS  0|AC  0|TAMS 0x0000000098200000, 0x0000000098200000|
| 112|0x0000000098200000, 0x0000000098300000, 0x0000000098300000|100%|HC|  |TS  0|AC  0|TAMS 0x0000000098300000, 0x0000000098300000|
| 113|0x0000000098300000, 0x0000000098400000, 0x0000000098400000|100%|HC|  |TS  0|AC  0|TAMS 0x0000000098400000, 0x0000000098400000|
| 114|0x0000000098400000, 0x0000000098500000, 0x0000000098500000|100%|HC|  |TS  0|AC  0|TAMS 0x0000000098500000, 0x0000000098500000|
| 115|0x0000000098500000, 0x0000000098600000, 0x0000000098600000|100%|HC|  |TS  0|AC  0|TAMS 0x0000000098600000, 0x0000000098600000|
| 116|0x0000000098600000, 0x0000000098700000, 0x0000000098700000|100%|HC|  |TS  0|AC  0|TAMS 0x0000000098700000, 0x0000000098700000|
| 117|0x0000000098700000, 0x0000000098800000, 0x0000000098800000|100%|HC|  |TS  0|AC  0|TAMS 0x0000000098800000, 0x0000000098800000|
| 118|0x0000000098800000, 0x0000000098900000, 0x0000000098900000|100%|HC|  |TS  0|AC  0|TAMS 0x0000000098900000, 0x0000000098900000|
| 119|0x0000000098900000, 0x0000000098a00000, 0x0000000098a00000|100%|HC|  |TS  0|AC  0|TAMS 0x0000000098a00000, 0x0000000098a00000|
| 120|0x0000000098a00000, 0x0000000098b00000, 0x0000000098b00000|100%|HC|  |TS  0|AC  0|TAMS 0x0000000098b00000, 0x0000000098b00000|
| 121|0x0000000098b00000, 0x0000000098c00000, 0x0000000098c00000|100%|HC|  |TS  0|AC  0|TAMS 0x0000000098c00000, 0x0000000098c00000|
| 122|0x0000000098c00000, 0x0000000098d00000, 0x0000000098d00000|100%|HC|  |TS  0|AC  0|TAMS 0x0000000098d00000, 0x0000000098d00000|
| 123|0x0000000098d00000, 0x0000000098e00000, 0x0000000098e00000|100%|HC|  |TS  0|AC  0|TAMS 0x0000000098e00000, 0x0000000098e00000|
| 124|0x0000000098e00000, 0x0000000098f00000, 0x0000000098f00000|100%|HC|  |TS  0|AC  0|TAMS 0x0000000098f00000, 0x0000000098f00000|
| 125|0x0000000098f00000, 0x0000000099000000, 0x0000000099000000|100%|HC|  |TS  0|AC  0|TAMS 0x0000000099000000, 0x0000000099000000|
| 126|0x0000000099000000, 0x0000000099100000, 0x0000000099100000|100%|HC|  |TS  0|AC  0|TAMS 0x0000000099100000, 0x0000000099100000|
| 127|0x0000000099100000, 0x0000000099200000, 0x0000000099200000|100%|HS|  |TS  0|AC  0|TAMS 0x0000000099200000, 0x0000000099200000|
| 128|0x0000000099200000, 0x0000000099300000, 0x0000000099300000|100%|HC|  |TS  0|AC  0|TAMS 0x0000000099300000, 0x0000000099300000|
| 129|0x0000000099300000, 0x0000000099400000, 0x0000000099400000|100%|HC|  |TS  0|AC  0|TAMS 0x0000000099400000, 0x0000000099400000|
| 130|0x0000000099400000, 0x0000000099500000, 0x0000000099500000|100%|HC|  |TS  0|AC  0|TAMS 0x0000000099500000, 0x0000000099500000|
| 131|0x0000000099500000, 0x0000000099600000, 0x0000000099600000|100%|HC|  |TS  0|AC  0|TAMS 0x0000000099600000, 0x0000000099600000|
| 132|0x0000000099600000, 0x0000000099700000, 0x0000000099700000|100%|HC|  |TS  0|AC  0|TAMS 0x0000000099700000, 0x0000000099700000|
| 133|0x0000000099700000, 0x0000000099800000, 0x0000000099800000|100%|HC|  |TS  0|AC  0|TAMS 0x0000000099800000, 0x0000000099800000|
| 134|0x0000000099800000, 0x0000000099900000, 0x0000000099900000|100%|HC|  |TS  0|AC  0|TAMS 0x0000000099900000, 0x0000000099900000|
| 135|0x0000000099900000, 0x0000000099a00000, 0x0000000099a00000|100%|HC|  |TS  0|AC  0|TAMS 0x0000000099a00000, 0x0000000099a00000|
| 136|0x0000000099a00000, 0x0000000099b00000, 0x0000000099b00000|100%|HC|  |TS  0|AC  0|TAMS 0x0000000099b00000, 0x0000000099b00000|
| 137|0x0000000099b00000, 0x0000000099c00000, 0x0000000099c00000|100%|HC|  |TS  0|AC  0|TAMS 0x0000000099c00000, 0x0000000099c00000|
| 138|0x0000000099c00000, 0x0000000099d00000, 0x0000000099d00000|100%|HC|  |TS  0|AC  0|TAMS 0x0000000099d00000, 0x0000000099d00000|
| 139|0x0000000099d00000, 0x0000000099e00000, 0x0000000099e00000|100%|HC|  |TS  0|AC  0|TAMS 0x0000000099e00000, 0x0000000099e00000|
| 140|0x0000000099e00000, 0x0000000099f00000, 0x0000000099f00000|100%|HC|  |TS  0|AC  0|TAMS 0x0000000099f00000, 0x0000000099f00000|
| 141|0x0000000099f00000, 0x000000009a000000, 0x000000009a000000|100%|HC|  |TS  0|AC  0|TAMS 0x000000009a000000, 0x000000009a000000|
| 142|0x000000009a000000, 0x000000009a100000, 0x000000009a100000|100%|HC|  |TS  0|AC  0|TAMS 0x000000009a100000, 0x000000009a100000|
| 143|0x000000009a100000, 0x000000009a200000, 0x000000009a200000|100%|HC|  |TS  0|AC  0|TAMS 0x000000009a200000, 0x000000009a200000|
| 144|0x000000009a200000, 0x000000009a300000, 0x000000009a300000|100%|HS|  |TS  0|AC  0|TAMS 0x000000009a300000, 0x000000009a300000|
| 145|0x000000009a300000, 0x000000009a400000, 0x000000009a400000|100%|HC|  |TS  0|AC  0|TAMS 0x000000009a400000, 0x000000009a400000|
| 146|0x000000009a400000, 0x000000009a500000, 0x000000009a500000|100%|HC|  |TS  0|AC  0|TAMS 0x000000009a500000, 0x000000009a500000|
| 147|0x000000009a500000, 0x000000009a600000, 0x000000009a600000|100%|HC|  |TS  0|AC  0|TAMS 0x000000009a600000, 0x000000009a600000|
| 148|0x000000009a600000, 0x000000009a700000, 0x000000009a700000|100%|HC|  |TS  0|AC  0|TAMS 0x000000009a700000, 0x000000009a700000|
| 149|0x000000009a700000, 0x000000009a800000, 0x000000009a800000|100%|HC|  |TS  0|AC  0|TAMS 0x000000009a800000, 0x000000009a800000|
| 150|0x000000009a800000, 0x000000009a900000, 0x000000009a900000|100%|HC|  |TS  0|AC  0|TAMS 0x000000009a900000, 0x000000009a900000|
| 151|0x000000009a900000, 0x000000009aa00000, 0x000000009aa00000|100%|HC|  |TS  0|AC  0|TAMS 0x000000009aa00000, 0x000000009aa00000|
| 152|0x000000009aa00000, 0x000000009ab00000, 0x000000009ab00000|100%|HC|  |TS  0|AC  0|TAMS 0x000000009ab00000, 0x000000009ab00000|
| 153|0x000000009ab00000, 0x000000009ac00000, 0x000000009ac00000|100%|HC|  |TS  0|AC  0|TAMS 0x000000009ac00000, 0x000000009ac00000|
| 154|0x000000009ac00000, 0x000000009ad00000, 0x000000009ad00000|100%|HC|  |TS  0|AC  0|TAMS 0x000000009ad00000, 0x000000009ad00000|
| 155|0x000000009ad00000, 0x000000009ae00000, 0x000000009ae00000|100%|HC|  |TS  0|AC  0|TAMS 0x000000009ae00000, 0x000000009ae00000|
| 156|0x000000009ae00000, 0x000000009af00000, 0x000000009af00000|100%|HC|  |TS  0|AC  0|TAMS 0x000000009af00000, 0x000000009af00000|
| 157|0x000000009af00000, 0x000000009b000000, 0x000000009b000000|100%|HC|  |TS  0|AC  0|TAMS 0x000000009b000000, 0x000000009b000000|
| 158|0x000000009b000000, 0x000000009b100000, 0x000000009b100000|100%|HC|  |TS  0|AC  0|TAMS 0x000000009b100000, 0x000000009b100000|
| 159|0x000000009b100000, 0x000000009b200000, 0x000000009b200000|100%|HC|  |TS  0|AC  0|TAMS 0x000000009b200000, 0x000000009b200000|
| 160|0x000000009b200000, 0x000000009b300000, 0x000000009b300000|100%|HC|  |TS  0|AC  0|TAMS 0x000000009b300000, 0x000000009b300000|
| 161|0x000000009b300000, 0x000000009b400000, 0x000000009b400000|100%|HS|  |TS  0|AC  0|TAMS 0x000000009b400000, 0x000000009b400000|
| 162|0x000000009b400000, 0x000000009b500000, 0x000000009b500000|100%|HC|  |TS  0|AC  0|TAMS 0x000000009b500000, 0x000000009b500000|
| 163|0x000000009b500000, 0x000000009b600000, 0x000000009b600000|100%|HC|  |TS  0|AC  0|TAMS 0x000000009b600000, 0x000000009b600000|
| 164|0x000000009b600000, 0x000000009b700000, 0x000000009b700000|100%|HC|  |TS  0|AC  0|TAMS 0x000000009b700000, 0x000000009b700000|
| 165|0x000000009b700000, 0x000000009b800000, 0x000000009b800000|100%|HC|  |TS  0|AC  0|TAMS 0x000000009b800000, 0x000000009b800000|
| 166|0x000000009b800000, 0x000000009b900000, 0x000000009b900000|100%|HC|  |TS  0|AC  0|TAMS 0x000000009b900000, 0x000000009b900000|
| 167|0x000000009b900000, 0x000000009ba00000, 0x000000009ba00000|100%|HC|  |TS  0|AC  0|TAMS 0x000000009ba00000, 0x000000009ba00000|
| 168|0x000000009ba00000, 0x000000009bb00000, 0x000000009bb00000|100%|HC|  |TS  0|AC  0|TAMS 0x000000009bb00000, 0x000000009bb00000|
| 169|0x000000009bb00000, 0x000000009bc00000, 0x000000009bc00000|100%|HC|  |TS  0|AC  0|TAMS 0x000000009bc00000, 0x000000009bc00000|
| 170|0x000000009bc00000, 0x000000009bd00000, 0x000000009bd00000|100%|HC|  |TS  0|AC  0|TAMS 0x000000009bd00000, 0x000000009bd00000|
| 171|0x000000009bd00000, 0x000000009be00000, 0x000000009be00000|100%|HC|  |TS  0|AC  0|TAMS 0x000000009be00000, 0x000000009be00000|
| 172|0x000000009be00000, 0x000000009bf00000, 0x000000009bf00000|100%|HC|  |TS  0|AC  0|TAMS 0x000000009bf00000, 0x000000009bf00000|
| 173|0x000000009bf00000, 0x000000009c000000, 0x000000009c000000|100%|HC|  |TS  0|AC  0|TAMS 0x000000009c000000, 0x000000009c000000|
| 174|0x000000009c000000, 0x000000009c100000, 0x000000009c100000|100%|HC|  |TS  0|AC  0|TAMS 0x000000009c100000, 0x000000009c100000|
| 175|0x000000009c100000, 0x000000009c200000, 0x000000009c200000|100%|HC|  |TS  0|AC  0|TAMS 0x000000009c200000, 0x000000009c200000|
| 176|0x000000009c200000, 0x000000009c300000, 0x000000009c300000|100%|HC|  |TS  0|AC  0|TAMS 0x000000009c300000, 0x000000009c300000|
| 177|0x000000009c300000, 0x000000009c400000, 0x000000009c400000|100%|HC|  |TS  0|AC  0|TAMS 0x000000009c400000, 0x000000009c400000|
| 178|0x000000009c400000, 0x000000009c500000, 0x000000009c500000|100%|HS|  |TS  0|AC  0|TAMS 0x000000009c400000, 0x000000009c400000|
| 179|0x000000009c500000, 0x000000009c600000, 0x000000009c600000|100%|HC|  |TS  0|AC  0|TAMS 0x000000009c500000, 0x000000009c500000|
| 180|0x000000009c600000, 0x000000009c700000, 0x000000009c700000|100%|HC|  |TS  0|AC  0|TAMS 0x000000009c600000, 0x000000009c600000|
| 181|0x000000009c700000, 0x000000009c800000, 0x000000009c800000|100%|HC|  |TS  0|AC  0|TAMS 0x000000009c700000, 0x000000009c700000|
| 182|0x000000009c800000, 0x000000009c900000, 0x000000009c900000|100%|HC|  |TS  0|AC  0|TAMS 0x000000009c800000, 0x000000009c800000|
| 183|0x000000009c900000, 0x000000009ca00000, 0x000000009ca00000|100%|HC|  |TS  0|AC  0|TAMS 0x000000009c900000, 0x000000009c900000|
| 184|0x000000009ca00000, 0x000000009cb00000, 0x000000009cb00000|100%|HC|  |TS  0|AC  0|TAMS 0x000000009ca00000, 0x000000009ca00000|
| 185|0x000000009cb00000, 0x000000009cc00000, 0x000000009cc00000|100%|HC|  |TS  0|AC  0|TAMS 0x000000009cb00000, 0x000000009cb00000|
| 186|0x000000009cc00000, 0x000000009cd00000, 0x000000009cd00000|100%|HC|  |TS  0|AC  0|TAMS 0x000000009cc00000, 0x000000009cc00000|
| 187|0x000000009cd00000, 0x000000009ce00000, 0x000000009ce00000|100%|HC|  |TS  0|AC  0|TAMS 0x000000009cd00000, 0x000000009cd00000|
| 188|0x000000009ce00000, 0x000000009cf00000, 0x000000009cf00000|100%|HC|  |TS  0|AC  0|TAMS 0x000000009ce00000, 0x000000009ce00000|
| 189|0x000000009cf00000, 0x000000009d000000, 0x000000009d000000|100%|HC|  |TS  0|AC  0|TAMS 0x000000009cf00000, 0x000000009cf00000|
| 190|0x000000009d000000, 0x000000009d100000, 0x000000009d100000|100%|HC|  |TS  0|AC  0|TAMS 0x000000009d000000, 0x000000009d000000|
| 191|0x000000009d100000, 0x000000009d200000, 0x000000009d200000|100%|HC|  |TS  0|AC  0|TAMS 0x000000009d100000, 0x000000009d100000|
| 192|0x000000009d200000, 0x000000009d300000, 0x000000009d300000|100%|HC|  |TS  0|AC  0|TAMS 0x000000009d200000, 0x000000009d200000|
| 193|0x000000009d300000, 0x000000009d400000, 0x000000009d400000|100%|HC|  |TS  0|AC  0|TAMS 0x000000009d300000, 0x000000009d300000|
| 194|0x000000009d400000, 0x000000009d500000, 0x000000009d500000|100%|HC|  |TS  0|AC  0|TAMS 0x000000009d400000, 0x000000009d400000|
| 195|0x000000009d500000, 0x000000009d500000, 0x000000009d600000|  0%| F|  |TS  0|AC  0|TAMS 0x000000009d500000, 0x000000009d500000|
| 196|0x000000009d600000, 0x000000009d600000, 0x000000009d700000|  0%| F|  |TS  0|AC  0|TAMS 0x000000009d600000, 0x000000009d600000|
| 197|0x000000009d700000, 0x000000009d700000, 0x000000009d800000|  0%| F|  |TS  0|AC  0|TAMS 0x000000009d700000, 0x000000009d700000|
| 198|0x000000009d800000, 0x000000009d800000, 0x000000009d900000|  0%| F|  |TS  0|AC  0|TAMS 0x000000009d800000, 0x000000009d800000|
| 199|0x000000009d900000, 0x000000009d900000, 0x000000009da00000|  0%| F|  |TS  0|AC  0|TAMS 0x000000009d900000, 0x000000009d900000|
| 200|0x000000009da00000, 0x000000009da00000, 0x000000009db00000|  0%| F|  |TS  0|AC  0|TAMS 0x000000009da00000, 0x000000009da00000|
| 201|0x000000009db00000, 0x000000009db00000, 0x000000009dc00000|  0%| F|  |TS  0|AC  0|TAMS 0x000000009db00000, 0x000000009db00000|
| 202|0x000000009dc00000, 0x000000009dc00000, 0x000000009dd00000|  0%| F|  |TS  0|AC  0|TAMS 0x000000009dc00000, 0x000000009dc00000|
| 203|0x000000009dd00000, 0x000000009dd00000, 0x000000009de00000|  0%| F|  |TS  0|AC  0|TAMS 0x000000009dd00000, 0x000000009dd00000|
| 204|0x000000009de00000, 0x000000009de00000, 0x000000009df00000|  0%| F|  |TS  0|AC  0|TAMS 0x000000009de00000, 0x000000009de00000|
| 205|0x000000009df00000, 0x000000009df00000, 0x000000009e000000|  0%| F|  |TS  0|AC  0|TAMS 0x000000009df00000, 0x000000009df00000|
| 206|0x000000009e000000, 0x000000009e000000, 0x000000009e100000|  0%| F|  |TS  0|AC  0|TAMS 0x000000009e000000, 0x000000009e000000|
| 207|0x000000009e100000, 0x000000009e100000, 0x000000009e200000|  0%| F|  |TS  0|AC  0|TAMS 0x000000009e100000, 0x000000009e100000|
| 208|0x000000009e200000, 0x000000009e200000, 0x000000009e300000|  0%| F|  |TS  0|AC  0|TAMS 0x000000009e200000, 0x000000009e200000|
| 209|0x000000009e300000, 0x000000009e300000, 0x000000009e400000|  0%| F|  |TS  0|AC  0|TAMS 0x000000009e300000, 0x000000009e300000|
| 210|0x000000009e400000, 0x000000009e400000, 0x000000009e500000|  0%| F|  |TS  0|AC  0|TAMS 0x000000009e400000, 0x000000009e400000|
| 211|0x000000009e500000, 0x000000009e500000, 0x000000009e600000|  0%| F|  |TS  0|AC  0|TAMS 0x000000009e500000, 0x000000009e500000|
| 212|0x000000009e600000, 0x000000009e600000, 0x000000009e700000|  0%| F|  |TS  0|AC  0|TAMS 0x000000009e600000, 0x000000009e600000|
| 213|0x000000009e700000, 0x000000009e700000, 0x000000009e800000|  0%| F|  |TS  0|AC  0|TAMS 0x000000009e700000, 0x000000009e700000|
| 214|0x000000009e800000, 0x000000009e800000, 0x000000009e900000|  0%| F|  |TS  0|AC  0|TAMS 0x000000009e800000, 0x000000009e800000|
| 215|0x000000009e900000, 0x000000009e900000, 0x000000009ea00000|  0%| F|  |TS  0|AC  0|TAMS 0x000000009e900000, 0x000000009e900000|
| 216|0x000000009ea00000, 0x000000009ea00000, 0x000000009eb00000|  0%| F|  |TS  0|AC  0|TAMS 0x000000009ea00000, 0x000000009ea00000|
| 217|0x000000009eb00000, 0x000000009eb00000, 0x000000009ec00000|  0%| F|  |TS  0|AC  0|TAMS 0x000000009eb00000, 0x000000009eb00000|
| 218|0x000000009ec00000, 0x000000009ec00000, 0x000000009ed00000|  0%| F|  |TS  0|AC  0|TAMS 0x000000009ec00000, 0x000000009ec00000|
| 219|0x000000009ed00000, 0x000000009ed00000, 0x000000009ee00000|  0%| F|  |TS  0|AC  0|TAMS 0x000000009ed00000, 0x000000009ed00000|
| 220|0x000000009ee00000, 0x000000009ee00000, 0x000000009ef00000|  0%| F|  |TS  0|AC  0|TAMS 0x000000009ee00000, 0x000000009ee00000|
| 221|0x000000009ef00000, 0x000000009ef00000, 0x000000009f000000|  0%| F|  |TS  0|AC  0|TAMS 0x000000009ef00000, 0x000000009ef00000|
| 222|0x000000009f000000, 0x000000009f000000, 0x000000009f100000|  0%| F|  |TS  0|AC  0|TAMS 0x000000009f000000, 0x000000009f000000|
| 223|0x000000009f100000, 0x000000009f100000, 0x000000009f200000|  0%| F|  |TS  0|AC  0|TAMS 0x000000009f100000, 0x000000009f100000|
| 224|0x000000009f200000, 0x000000009f200000, 0x000000009f300000|  0%| F|  |TS  0|AC  0|TAMS 0x000000009f200000, 0x000000009f200000|
| 225|0x000000009f300000, 0x000000009f300000, 0x000000009f400000|  0%| F|  |TS  0|AC  0|TAMS 0x000000009f300000, 0x000000009f300000|
| 226|0x000000009f400000, 0x000000009f400000, 0x000000009f500000|  0%| F|  |TS  0|AC  0|TAMS 0x000000009f400000, 0x000000009f400000|
| 227|0x000000009f500000, 0x000000009f500000, 0x000000009f600000|  0%| F|  |TS  0|AC  0|TAMS 0x000000009f500000, 0x000000009f500000|
| 228|0x000000009f600000, 0x000000009f600000, 0x000000009f700000|  0%| F|  |TS  0|AC  0|TAMS 0x000000009f600000, 0x000000009f600000|
| 229|0x000000009f700000, 0x000000009f700000, 0x000000009f800000|  0%| F|  |TS  0|AC  0|TAMS 0x000000009f700000, 0x000000009f700000|
| 230|0x000000009f800000, 0x000000009f800000, 0x000000009f900000|  0%| F|  |TS  0|AC  0|TAMS 0x000000009f800000, 0x000000009f800000|
| 231|0x000000009f900000, 0x000000009f900000, 0x000000009fa00000|  0%| F|  |TS  0|AC  0|TAMS 0x000000009f900000, 0x000000009f900000|
| 232|0x000000009fa00000, 0x000000009fa00000, 0x000000009fb00000|  0%| F|  |TS  0|AC  0|TAMS 0x000000009fa00000, 0x000000009fa00000|
| 233|0x000000009fb00000, 0x000000009fb00000, 0x000000009fc00000|  0%| F|  |TS  0|AC  0|TAMS 0x000000009fb00000, 0x000000009fb00000|
| 234|0x000000009fc00000, 0x000000009fc00000, 0x000000009fd00000|  0%| F|  |TS  0|AC  0|TAMS 0x000000009fc00000, 0x000000009fc00000|
| 235|0x000000009fd00000, 0x000000009fd00000, 0x000000009fe00000|  0%| F|  |TS  0|AC  0|TAMS 0x000000009fd00000, 0x000000009fd00000|
| 236|0x000000009fe00000, 0x000000009fe00000, 0x000000009ff00000|  0%| F|  |TS  0|AC  0|TAMS 0x000000009fe00000, 0x000000009fe00000|
| 237|0x000000009ff00000, 0x000000009ff00000, 0x00000000a0000000|  0%| F|  |TS  0|AC  0|TAMS 0x000000009ff00000, 0x000000009ff00000|
| 238|0x00000000a0000000, 0x00000000a0000000, 0x00000000a0100000|  0%| F|  |TS  0|AC  0|TAMS 0x00000000a0000000, 0x00000000a0000000|
| 239|0x00000000a0100000, 0x00000000a0100000, 0x00000000a0200000|  0%| F|  |TS  0|AC  0|TAMS 0x00000000a0100000, 0x00000000a0100000|
| 240|0x00000000a0200000, 0x00000000a0200000, 0x00000000a0300000|  0%| F|  |TS  0|AC  0|TAMS 0x00000000a0200000, 0x00000000a0200000|
| 241|0x00000000a0300000, 0x00000000a0300000, 0x00000000a0400000|  0%| F|  |TS  0|AC  0|TAMS 0x00000000a0300000, 0x00000000a0300000|
| 242|0x00000000a0400000, 0x00000000a0400000, 0x00000000a0500000|  0%| F|  |TS  0|AC  0|TAMS 0x00000000a0400000, 0x00000000a0400000|
| 243|0x00000000a0500000, 0x00000000a0500000, 0x00000000a0600000|  0%| F|  |TS  0|AC  0|TAMS 0x00000000a0500000, 0x00000000a0500000|
| 244|0x00000000a0600000, 0x00000000a0600000, 0x00000000a0700000|  0%| F|  |TS  0|AC  0|TAMS 0x00000000a0600000, 0x00000000a0600000|
| 245|0x00000000a0700000, 0x00000000a0700000, 0x00000000a0800000|  0%| F|  |TS  0|AC  0|TAMS 0x00000000a0700000, 0x00000000a0700000|
| 246|0x00000000a0800000, 0x00000000a0800000, 0x00000000a0900000|  0%| F|  |TS  0|AC  0|TAMS 0x00000000a0800000, 0x00000000a0800000|
| 247|0x00000000a0900000, 0x00000000a0900000, 0x00000000a0a00000|  0%| F|  |TS  0|AC  0|TAMS 0x00000000a0900000, 0x00000000a0900000|
| 248|0x00000000a0a00000, 0x00000000a0a00000, 0x00000000a0b00000|  0%| F|  |TS  0|AC  0|TAMS 0x00000000a0a00000, 0x00000000a0a00000|
| 249|0x00000000a0b00000, 0x00000000a0b00000, 0x00000000a0c00000|  0%| F|  |TS  0|AC  0|TAMS 0x00000000a0b00000, 0x00000000a0b00000|
| 250|0x00000000a0c00000, 0x00000000a0c00000, 0x00000000a0d00000|  0%| F|  |TS  0|AC  0|TAMS 0x00000000a0c00000, 0x00000000a0c00000|
| 251|0x00000000a0d00000, 0x00000000a0d00000, 0x00000000a0e00000|  0%| F|  |TS  0|AC  0|TAMS 0x00000000a0d00000, 0x00000000a0d00000|
| 252|0x00000000a0e00000, 0x00000000a0e00000, 0x00000000a0f00000|  0%| F|  |TS  0|AC  0|TAMS 0x00000000a0e00000, 0x00000000a0e00000|
| 253|0x00000000a0f00000, 0x00000000a0f00000, 0x00000000a1000000|  0%| F|  |TS  0|AC  0|TAMS 0x00000000a0f00000, 0x00000000a0f00000|
| 254|0x00000000a1000000, 0x00000000a1000000, 0x00000000a1100000|  0%| F|  |TS  0|AC  0|TAMS 0x00000000a1000000, 0x00000000a1000000|
| 255|0x00000000a1100000, 0x00000000a1100000, 0x00000000a1200000|  0%| F|  |TS  0|AC  0|TAMS 0x00000000a1100000, 0x00000000a1100000|
| 256|0x00000000a1200000, 0x00000000a1200000, 0x00000000a1300000|  0%| F|  |TS  0|AC  0|TAMS 0x00000000a1200000, 0x00000000a1200000|
| 257|0x00000000a1300000, 0x00000000a1300000, 0x00000000a1400000|  0%| F|  |TS  0|AC  0|TAMS 0x00000000a1300000, 0x00000000a1300000|
| 258|0x00000000a1400000, 0x00000000a1400000, 0x00000000a1500000|  0%| F|  |TS  0|AC  0|TAMS 0x00000000a1400000, 0x00000000a1400000|
| 259|0x00000000a1500000, 0x00000000a1500000, 0x00000000a1600000|  0%| F|  |TS  0|AC  0|TAMS 0x00000000a1500000, 0x00000000a1500000|
| 260|0x00000000a1600000, 0x00000000a1600000, 0x00000000a1700000|  0%| F|  |TS  0|AC  0|TAMS 0x00000000a1600000, 0x00000000a1600000|
| 261|0x00000000a1700000, 0x00000000a1700000, 0x00000000a1800000|  0%| F|  |TS  0|AC  0|TAMS 0x00000000a1700000, 0x00000000a1700000|
| 262|0x00000000a1800000, 0x00000000a1800000, 0x00000000a1900000|  0%| F|  |TS  0|AC  0|TAMS 0x00000000a1800000, 0x00000000a1800000|
| 263|0x00000000a1900000, 0x00000000a1900000, 0x00000000a1a00000|  0%| F|  |TS  0|AC  0|TAMS 0x00000000a1900000, 0x00000000a1900000|
| 264|0x00000000a1a00000, 0x00000000a1a00000, 0x00000000a1b00000|  0%| F|  |TS  0|AC  0|TAMS 0x00000000a1a00000, 0x00000000a1a00000|
| 265|0x00000000a1b00000, 0x00000000a1b00000, 0x00000000a1c00000|  0%| F|  |TS  0|AC  0|TAMS 0x00000000a1b00000, 0x00000000a1b00000|
| 266|0x00000000a1c00000, 0x00000000a1c00000, 0x00000000a1d00000|  0%| F|  |TS  0|AC  0|TAMS 0x00000000a1c00000, 0x00000000a1c00000|
| 267|0x00000000a1d00000, 0x00000000a1d00000, 0x00000000a1e00000|  0%| F|  |TS  0|AC  0|TAMS 0x00000000a1d00000, 0x00000000a1d00000|
| 268|0x00000000a1e00000, 0x00000000a1e00000, 0x00000000a1f00000|  0%| F|  |TS  0|AC  0|TAMS 0x00000000a1e00000, 0x00000000a1e00000|
| 269|0x00000000a1f00000, 0x00000000a1f00000, 0x00000000a2000000|  0%| F|  |TS  0|AC  0|TAMS 0x00000000a1f00000, 0x00000000a1f00000|
| 270|0x00000000a2000000, 0x00000000a2000000, 0x00000000a2100000|  0%| F|  |TS  0|AC  0|TAMS 0x00000000a2000000, 0x00000000a2000000|
| 271|0x00000000a2100000, 0x00000000a2100000, 0x00000000a2200000|  0%| F|  |TS  0|AC  0|TAMS 0x00000000a2100000, 0x00000000a2100000|
| 272|0x00000000a2200000, 0x00000000a2200000, 0x00000000a2300000|  0%| F|  |TS  0|AC  0|TAMS 0x00000000a2200000, 0x00000000a2200000|
| 273|0x00000000a2300000, 0x00000000a2300000, 0x00000000a2400000|  0%| F|  |TS  0|AC  0|TAMS 0x00000000a2300000, 0x00000000a2300000|
| 274|0x00000000a2400000, 0x00000000a2400000, 0x00000000a2500000|  0%| F|  |TS  0|AC  0|TAMS 0x00000000a2400000, 0x00000000a2400000|
| 275|0x00000000a2500000, 0x00000000a2500000, 0x00000000a2600000|  0%| F|  |TS  0|AC  0|TAMS 0x00000000a2500000, 0x00000000a2500000|
| 276|0x00000000a2600000, 0x00000000a2600000, 0x00000000a2700000|  0%| F|  |TS  0|AC  0|TAMS 0x00000000a2600000, 0x00000000a2600000|
| 277|0x00000000a2700000, 0x00000000a2700000, 0x00000000a2800000|  0%| F|  |TS  0|AC  0|TAMS 0x00000000a2700000, 0x00000000a2700000|
| 278|0x00000000a2800000, 0x00000000a2800000, 0x00000000a2900000|  0%| F|  |TS  0|AC  0|TAMS 0x00000000a2800000, 0x00000000a2800000|
| 279|0x00000000a2900000, 0x00000000a2900000, 0x00000000a2a00000|  0%| F|  |TS  0|AC  0|TAMS 0x00000000a2900000, 0x00000000a2900000|
| 280|0x00000000a2a00000, 0x00000000a2a00000, 0x00000000a2b00000|  0%| F|  |TS  0|AC  0|TAMS 0x00000000a2a00000, 0x00000000a2a00000|
| 281|0x00000000a2b00000, 0x00000000a2b00000, 0x00000000a2c00000|  0%| F|  |TS  0|AC  0|TAMS 0x00000000a2b00000, 0x00000000a2b00000|
| 282|0x00000000a2c00000, 0x00000000a2c83a50, 0x00000000a2d00000| 51%| E|  |TS  0|AC  0|TAMS 0x00000000a2c00000, 0x00000000a2c00000|
| 283|0x00000000a2d00000, 0x00000000a2e00000, 0x00000000a2e00000|100%| E|CS|TS  0|AC  0|TAMS 0x00000000a2d00000, 0x00000000a2d00000|
| 284|0x00000000a2e00000, 0x00000000a2f00000, 0x00000000a2f00000|100%| E|CS|TS  0|AC  0|TAMS 0x00000000a2e00000, 0x00000000a2e00000|
| 285|0x00000000a2f00000, 0x00000000a3000000, 0x00000000a3000000|100%| E|CS|TS  0|AC  0|TAMS 0x00000000a2f00000, 0x00000000a2f00000|
| 286|0x00000000a3000000, 0x00000000a3100000, 0x00000000a3100000|100%| E|CS|TS  0|AC  0|TAMS 0x00000000a3000000, 0x00000000a3000000|
| 287|0x00000000a3100000, 0x00000000a31e7bd0, 0x00000000a3200000| 90%| S|CS|TS  0|AC  0|TAMS 0x00000000a3100000, 0x00000000a3100000|
| 288|0x00000000a3200000, 0x00000000a3300000, 0x00000000a3300000|100%| S|CS|TS  0|AC  0|TAMS 0x00000000a3200000, 0x00000000a3200000|
| 289|0x00000000a3300000, 0x00000000a3400000, 0x00000000a3400000|100%| E|CS|TS  0|AC  0|TAMS 0x00000000a3300000, 0x00000000a3300000|
| 290|0x00000000a3400000, 0x00000000a3500000, 0x00000000a3500000|100%| E|CS|TS  0|AC  0|TAMS 0x00000000a3400000, 0x00000000a3400000|

Card table byte_map: [0x0000001679350000,0x00000016796d0000] byte_map_base: 0x0000001678ec7000

Marking Bits (Prev, Next): (CMBitMap*) 0x000000166baa17c8, (CMBitMap*) 0x000000166baa1790
 Prev Bits: [0x000000167b610000, 0x000000167d1c8000)
 Next Bits: [0x0000001679a50000, 0x000000167b608000)

Polling page: 0x000000166bb10000

CodeHeap 'non-profiled nmethods': size=238912Kb used=12538Kb max_used=12538Kb free=226373Kb
 bounds [0x00000016006b0000, 0x00000016012f0000, 0x000000160f000000]
CodeHeap 'non-nmethods': size=6848Kb used=2533Kb max_used=2533Kb free=4315Kb
 bounds [0x0000001600000000, 0x0000001600280000, 0x00000016006b0000]
 total_blobs=7727 nmethods=6983 adapters=586
 compilation: enabled

Compilation events (10 events):
Event: 120.794 Thread 0x000000167fa63800 nmethod 7059 0x00000016012edf90 code [0x00000016012ee140, 0x00000016012ee258]
Event: 120.794 Thread 0x000000167fa62800 nmethod 7058 0x00000016012ee310 code [0x00000016012ee4c0, 0x00000016012ee6a0]
Event: 120.796 Thread 0x000000167faeb800 7060       1       org.apache.http.protocol.HttpCoreContext::getAttribute (11 bytes)
Event: 120.796 Thread 0x000000167faeb800 nmethod 7060 0x00000016012ee790 code [0x00000016012ee940, 0x00000016012eea90]
Event: 120.802 Thread 0x000000167fa63800 7061       1       org.apache.http.message.ParserCursor::getUpperBound (5 bytes)
Event: 120.802 Thread 0x000000167fa63800 nmethod 7061 0x00000016012eeb10 code [0x00000016012eecc0, 0x00000016012eedd8]
Event: 120.802 Thread 0x000000167fa62800 7062       1       org.apache.http.impl.SocketHttpClientConnection::isOpen (5 bytes)
Event: 120.802 Thread 0x000000167fa62800 nmethod 7062 0x00000016012eee90 code [0x00000016012ef040, 0x00000016012ef158]
Event: 125.210 Thread 0x000000167faeb800 7063       1       io.netty.util.concurrent.DefaultFutureListeners::<init> (66 bytes)
Event: 125.211 Thread 0x000000167faeb800 nmethod 7063 0x00000016012ef210 code [0x00000016012ef3e0, 0x00000016012ef838]

GC Heap History (10 events):
Event: 44.294 GC heap before
{Heap before GC invocations=39 (full 0):
 garbage-first heap   total 247808K, used 167570K [0x0000000091200000, 0x0000000091300790, 0x0000000100000000)
  region size 1024K, 43 young (44032K), 4 survivors (4096K)
 Metaspace       used 56595K, capacity 60584K, committed 60748K, reserved 1101824K
  class space    used 7296K, capacity 8159K, committed 8268K, reserved 1048576K
}
Event: 44.312 GC heap after
{Heap after GC invocations=40 (full 0):
 garbage-first heap   total 247808K, used 129656K [0x0000000091200000, 0x0000000091300790, 0x0000000100000000)
  region size 1024K, 5 young (5120K), 5 survivors (5120K)
 Metaspace       used 56595K, capacity 60584K, committed 60748K, reserved 1101824K
  class space    used 7296K, capacity 8159K, committed 8268K, reserved 1048576K
}
Event: 48.283 GC heap before
{Heap before GC invocations=41 (full 0):
 garbage-first heap   total 247808K, used 209528K [0x0000000091200000, 0x0000000091300790, 0x0000000100000000)
  region size 1024K, 66 young (67584K), 5 survivors (5120K)
 Metaspace       used 58581K, capacity 62726K, committed 63052K, reserved 1103872K
  class space    used 7561K, capacity 8422K, committed 8524K, reserved 1048576K
}
Event: 48.304 GC heap after
{Heap after GC invocations=42 (full 0):
 garbage-first heap   total 247808K, used 151454K [0x0000000091200000, 0x0000000091300790, 0x0000000100000000)
  region size 1024K, 9 young (9216K), 9 survivors (9216K)
 Metaspace       used 58581K, capacity 62726K, committed 63052K, reserved 1103872K
  class space    used 7561K, capacity 8422K, committed 8524K, reserved 1048576K
}
Event: 49.284 GC heap before
{Heap before GC invocations=42 (full 0):
 garbage-first heap   total 247808K, used 201630K [0x0000000091200000, 0x0000000091300790, 0x0000000100000000)
  region size 1024K, 58 young (59392K), 9 survivors (9216K)
 Metaspace       used 61310K, capacity 65530K, committed 65740K, reserved 1105920K
  class space    used 7952K, capacity 8854K, committed 8908K, reserved 1048576K
}
Event: 49.310 GC heap after
{Heap after GC invocations=43 (full 0):
 garbage-first heap   total 297984K, used 153963K [0x0000000091200000, 0x0000000091300918, 0x0000000100000000)
  region size 1024K, 4 young (4096K), 4 survivors (4096K)
 Metaspace       used 61310K, capacity 65530K, committed 65740K, reserved 1105920K
  class space    used 7952K, capacity 8854K, committed 8908K, reserved 1048576K
}
Event: 69.415 GC heap before
{Heap before GC invocations=44 (full 0):
 garbage-first heap   total 297984K, used 194923K [0x0000000091200000, 0x0000000091300918, 0x0000000100000000)
  region size 1024K, 45 young (46080K), 4 survivors (4096K)
 Metaspace       used 63585K, capacity 67792K, committed 68172K, reserved 1107968K
  class space    used 8272K, capacity 9165K, committed 9292K, reserved 1048576K
}
Event: 69.434 GC heap after
{Heap after GC invocations=45 (full 0):
 garbage-first heap   total 297984K, used 154279K [0x0000000091200000, 0x0000000091300918, 0x0000000100000000)
  region size 1024K, 4 young (4096K), 4 survivors (4096K)
 Metaspace       used 63585K, capacity 67792K, committed 68172K, reserved 1107968K
  class space    used 8272K, capacity 9165K, committed 9292K, reserved 1048576K
}
Event: 74.477 GC heap before
{Heap before GC invocations=46 (full 0):
 garbage-first heap   total 297984K, used 172711K [0x0000000091200000, 0x0000000091300918, 0x0000000100000000)
  region size 1024K, 6 young (6144K), 4 survivors (4096K)
 Metaspace       used 63589K, capacity 67792K, committed 68172K, reserved 1107968K
  class space    used 8273K, capacity 9165K, committed 9292K, reserved 1048576K
}
Event: 74.494 GC heap after
{Heap after GC invocations=47 (full 0):
 garbage-first heap   total 297984K, used 169541K [0x0000000091200000, 0x0000000091300918, 0x0000000100000000)
  region size 1024K, 2 young (2048K), 2 survivors (2048K)
 Metaspace       used 63589K, capacity 67792K, committed 68172K, reserved 1107968K
  class space    used 8273K, capacity 9165K, committed 9292K, reserved 1048576K
}

Deoptimization events (0 events):
No events

Classes redefined (0 events):
No events

Internal exceptions (10 events):
Event: 80.754 Thread 0x000000161584d800 Exception <a 'java/net/SocketTimeoutException'{0x00000000a3341018}: Read timed out> (0x00000000a3341018) thrown at [t:/workspace/hotspot/src/share/vm/prims/jni.cpp, line 625]
Event: 85.609 Thread 0x0000001615850000 Exception <a 'java/net/SocketTimeoutException'{0x00000000a34b64d8}: Read timed out> (0x00000000a34b64d8) thrown at [t:/workspace/hotspot/src/share/vm/prims/jni.cpp, line 625]
Event: 90.650 Thread 0x0000001615850000 Exception <a 'java/net/SocketTimeoutException'{0x00000000a2dda858}: Read timed out> (0x00000000a2dda858) thrown at [t:/workspace/hotspot/src/share/vm/prims/jni.cpp, line 625]
Event: 95.673 Thread 0x0000001615850000 Exception <a 'java/net/SocketTimeoutException'{0x00000000a2de36e0}: Read timed out> (0x00000000a2de36e0) thrown at [t:/workspace/hotspot/src/share/vm/prims/jni.cpp, line 625]
Event: 100.703 Thread 0x0000001615850000 Exception <a 'java/net/SocketTimeoutException'{0x00000000a2dec568}: Read timed out> (0x00000000a2dec568) thrown at [t:/workspace/hotspot/src/share/vm/prims/jni.cpp, line 625]
Event: 105.740 Thread 0x0000001615850000 Exception <a 'java/net/SocketTimeoutException'{0x00000000a2c09960}: Read timed out> (0x00000000a2c09960) thrown at [t:/workspace/hotspot/src/share/vm/prims/jni.cpp, line 625]
Event: 110.761 Thread 0x0000001615850000 Exception <a 'java/net/SocketTimeoutException'{0x00000000a2c127e8}: Read timed out> (0x00000000a2c127e8) thrown at [t:/workspace/hotspot/src/share/vm/prims/jni.cpp, line 625]
Event: 111.502 Thread 0x000000161584d800 Exception <a 'java/net/SocketTimeoutException'{0x00000000a2c43120}: Read timed out> (0x00000000a2c43120) thrown at [t:/workspace/hotspot/src/share/vm/prims/jni.cpp, line 625]
Event: 115.776 Thread 0x0000001615850000 Exception <a 'java/net/SocketTimeoutException'{0x00000000a2c1b670}: Read timed out> (0x00000000a2c1b670) thrown at [t:/workspace/hotspot/src/share/vm/prims/jni.cpp, line 625]
Event: 120.795 Thread 0x0000001615850000 Exception <a 'java/net/SocketTimeoutException'{0x00000000a2c67f60}: Read timed out> (0x00000000a2c67f60) thrown at [t:/workspace/hotspot/src/share/vm/prims/jni.cpp, line 625]

Events (10 events):
Event: 115.777 Thread 0x0000001615850000 DEOPT UNPACKING pc=0x000000160004d83f sp=0x00000016214fd4c8 mode 1
Event: 120.439 Executing VM operation: RevokeBias
Event: 120.439 Executing VM operation: RevokeBias done
Event: 120.450 Executing VM operation: RevokeBias
Event: 120.450 Executing VM operation: RevokeBias done
Event: 120.795 Thread 0x0000001615850000 DEOPT PACKING pc=0x0000001600d26a34 sp=0x00000016214fdea0
Event: 120.795 Thread 0x0000001615850000 DEOPT UNPACKING pc=0x000000160004d83f sp=0x00000016214fd388 mode 1
Event: 120.795 Thread 0x0000001615850000 DEOPT PACKING pc=0x0000001600d25434 sp=0x00000016214fe000
Event: 120.795 Thread 0x0000001615850000 DEOPT UNPACKING pc=0x000000160004d83f sp=0x00000016214fd4c8 mode 1
Event: 125.453 Executing VM operation: BulkRevokeBias


Dynamic libraries:
0x00007ff7641c0000 - 0x00007ff7641fe000 	C:\Program Files\Java\jdk-9.0.1\bin\java.exe
0x00007ff935710000 - 0x00007ff9358b9000 	C:\windows\SYSTEM32\ntdll.dll
0x00007ff934da0000 - 0x00007ff934ed9000 	C:\windows\system32\KERNEL32.DLL
0x00007ff932c60000 - 0x00007ff932d6e000 	C:\windows\system32\KERNELBASE.dll
0x00007ff935660000 - 0x00007ff935705000 	C:\windows\system32\ADVAPI32.dll
0x00007ff935420000 - 0x00007ff935591000 	C:\windows\system32\USER32.dll
0x00007ff92f440000 - 0x00007ff92f69a000 	C:\windows\WinSxS\amd64_microsoft.windows.common-controls_6595b64144ccf1df_6.0.9600.16384_none_62475f7becb72503\COMCTL32.dll
0x00007ff930e60000 - 0x00007ff930e6a000 	C:\windows\SYSTEM32\VERSION.dll
0x00007ff932fa0000 - 0x00007ff933047000 	C:\windows\system32\msvcrt.dll
0x00007ff934910000 - 0x00007ff934967000 	C:\windows\SYSTEM32\sechost.dll
0x00007ff934c60000 - 0x00007ff934d96000 	C:\windows\system32\RPCRT4.dll
0x00007ff934970000 - 0x00007ff934ab5000 	C:\windows\system32\GDI32.dll
0x00007ff934b80000 - 0x00007ff934bb4000 	C:\windows\system32\IMM32.DLL
0x00007ff935100000 - 0x00007ff935239000 	C:\windows\system32\MSCTF.dll
0x00007ff9271a0000 - 0x00007ff92728f000 	C:\Program Files\Java\jdk-9.0.1\bin\msvcr120.dll
0x00007ff926e50000 - 0x00007ff926ef6000 	C:\Program Files\Java\jdk-9.0.1\bin\msvcp120.dll
0x000000005ded0000 - 0x000000005e8f4000 	C:\Program Files\Java\jdk-9.0.1\bin\server\jvm.dll
0x00007ff92b850000 - 0x00007ff92b859000 	C:\windows\SYSTEM32\WSOCK32.dll
0x00007ff92b380000 - 0x00007ff92b39f000 	C:\windows\SYSTEM32\WINMM.dll
0x00007ff934be0000 - 0x00007ff934be7000 	C:\windows\system32\PSAPI.DLL
0x00007ff9348b0000 - 0x00007ff934908000 	C:\windows\system32\WS2_32.dll
0x00007ff92b350000 - 0x00007ff92b37a000 	C:\windows\SYSTEM32\WINMMBASE.dll
0x00007ff9355a0000 - 0x00007ff9355a9000 	C:\windows\system32\NSI.dll
0x00007ff932b60000 - 0x00007ff932baa000 	C:\windows\SYSTEM32\cfgmgr32.dll
0x00007ff931910000 - 0x00007ff931936000 	C:\windows\SYSTEM32\DEVOBJ.dll
0x00007ff92c8c0000 - 0x00007ff92c8cf000 	C:\Program Files\Java\jdk-9.0.1\bin\verify.dll
0x00007ff92c890000 - 0x00007ff92c8b7000 	C:\Program Files\Java\jdk-9.0.1\bin\java.dll
0x00007ff926e10000 - 0x00007ff926e46000 	C:\Program Files\Java\jdk-9.0.1\bin\jdwp.dll
0x00007ff927110000 - 0x00007ff927126000 	C:\Program Files\Java\jdk-9.0.1\bin\zip.dll
0x00007ff92c520000 - 0x00007ff92c52a000 	C:\Program Files\Java\jdk-9.0.1\bin\jimage.dll
0x00007ff933300000 - 0x00007ff93470d000 	C:\windows\system32\SHELL32.dll
0x00007ff9330c0000 - 0x00007ff933297000 	C:\windows\SYSTEM32\combase.dll
0x00007ff9332a0000 - 0x00007ff9332f1000 	C:\windows\system32\SHLWAPI.dll
0x00007ff92fe20000 - 0x00007ff92fec1000 	C:\windows\SYSTEM32\SHCORE.dll
0x00007ff932a90000 - 0x00007ff932aa4000 	C:\windows\SYSTEM32\profapi.dll
0x00007ff926dc0000 - 0x00007ff926dda000 	C:\Program Files\Java\jdk-9.0.1\bin\net.dll
0x00007ff92b480000 - 0x00007ff92b545000 	C:\windows\SYSTEM32\WINHTTP.dll
0x00007ff932350000 - 0x00007ff9323a8000 	C:\windows\system32\mswsock.dll
0x00007ff926da0000 - 0x00007ff926db1000 	C:\Program Files\Java\jdk-9.0.1\bin\nio.dll
0x00007ff9272e0000 - 0x00007ff9272ea000 	C:\Program Files\Java\jdk-9.0.1\bin\dt_socket.dll
0x00007ff92c4f0000 - 0x00007ff92c4f9000 	C:\Program Files\Java\jdk-9.0.1\bin\management.dll
0x00007ff92b840000 - 0x00007ff92b84a000 	C:\Program Files\Java\jdk-9.0.1\bin\management_ext.dll
0x00007ff92b460000 - 0x00007ff92b474000 	C:\windows\system32\napinsp.dll
0x00007ff92b330000 - 0x00007ff92b349000 	C:\windows\system32\pnrpnsp.dll
0x00007ff92e360000 - 0x00007ff92e379000 	C:\windows\system32\NLAapi.dll
0x00007ff932160000 - 0x00007ff932203000 	C:\windows\SYSTEM32\DNSAPI.dll
0x00007ff92b320000 - 0x00007ff92b32c000 	C:\windows\System32\winrnr.dll
0x00007ff92b300000 - 0x00007ff92b313000 	C:\windows\system32\wshbth.dll
0x00007ff9293e0000 - 0x00007ff9293e9000 	C:\Windows\System32\rasadhlp.dll
0x00007ff92ddb0000 - 0x00007ff92ddd9000 	C:\windows\SYSTEM32\IPHLPAPI.DLL
0x00007ff92dd80000 - 0x00007ff92dd8a000 	C:\windows\SYSTEM32\WINNSI.DLL
0x00007ff92da50000 - 0x00007ff92dab7000 	C:\windows\System32\fwpuclnt.dll
0x00007ff9323b0000 - 0x00007ff9323ce000 	C:\windows\SYSTEM32\CRYPTSP.dll
0x00007ff931f90000 - 0x00007ff931fc5000 	C:\windows\system32\rsaenh.dll
0x00007ff9325e0000 - 0x00007ff932606000 	C:\windows\SYSTEM32\bcrypt.dll
0x00007ff9320a0000 - 0x00007ff9320bf000 	C:\windows\SYSTEM32\USERENV.dll
0x00007ff932900000 - 0x00007ff93295e000 	C:\windows\system32\bcryptprimitives.dll
0x00007ff932960000 - 0x00007ff93296a000 	C:\windows\SYSTEM32\CRYPTBASE.dll
0x00007ff92d9c0000 - 0x00007ff92d9d4000 	C:\windows\SYSTEM32\dhcpcsvc6.DLL
0x00007ff92d8c0000 - 0x00007ff92d8d9000 	C:\windows\SYSTEM32\dhcpcsvc.DLL
0x00007ff926610000 - 0x00007ff926633000 	C:\Program Files\Java\jdk-9.0.1\bin\sunec.dll

VM Arguments:
jvm_args: -agentlib:jdwp=transport=dt_socket,address=127.0.0.1:55469,suspend=y,server=n -XX:TieredStopAtLevel=1 -Xverify:none -Dspring.output.ansi.enabled=always -Dcom.sun.management.jmxremote -Dcom.sun.management.jmxremote.port=55468 -Dcom.sun.management.jmxremote.authenticate=false -Dcom.sun.management.jmxremote.ssl=false -Djava.rmi.server.hostname=localhost -Dspring.liveBeansView.mbeanDomain -Dspring.application.admin.enabled=true -Dfile.encoding=UTF-8 
java_command: com.leyou.search.LeyouSearchService
java_class_path (initial): E:\hm44ÎÒµÄ²»ÊÇÀÏÊ¦µÄ\leyou\leyou-search\target\classes;E:\apache-maven-3.5.2\repository\org\springframework\boot\spring-boot-starter-web\2.0.4.RELEASE\spring-boot-starter-web-2.0.4.RELEASE.jar;E:\apache-maven-3.5.2\repository\org\springframework\boot\spring-boot-starter\2.0.4.RELEASE\spring-boot-starter-2.0.4.RELEASE.jar;E:\apache-maven-3.5.2\repository\org\springframework\boot\spring-boot\2.0.4.RELEASE\spring-boot-2.0.4.RELEASE.jar;E:\apache-maven-3.5.2\repository\org\springframework\boot\spring-boot-autoconfigure\2.0.4.RELEASE\spring-boot-autoconfigure-2.0.4.RELEASE.jar;E:\apache-maven-3.5.2\repository\org\springframework\boot\spring-boot-starter-logging\2.0.4.RELEASE\spring-boot-starter-logging-2.0.4.RELEASE.jar;E:\apache-maven-3.5.2\repository\ch\qos\logback\logback-classic\1.2.3\logback-classic-1.2.3.jar;E:\apache-maven-3.5.2\repository\ch\qos\logback\logback-core\1.2.3\logback-core-1.2.3.jar;E:\apache-maven-3.5.2\repository\org\apache\logging\log4j\log4j-to-slf4j\2.10.0\log4j-to-slf4j-2.10.0.jar;E:\apache-maven-3.5.2\repository\org\slf4j\jul-to-slf4j\1.7.25\jul-to-slf4j-1.7.25.jar;E:\apache-maven-3.5.2\repository\javax\annotation\javax.annotation-api\1.3.2\javax.annotation-api-1.3.2.jar;E:\apache-maven-3.5.2\repository\org\yaml\snakeyaml\1.19\snakeyaml-1.19.jar;E:\apache-maven-3.5.2\repository\org\springframework\boot\spring-boot-starter-json\2.0.4.RELEASE\spring-boot-starter-json-2.0.4.RELEASE.jar;E:\apache-maven-3.5.2\repository\com\fasterxml\jackson\core\jackson-databind\2.9.6\jackson-databind-2.9.6.jar;E:\apache-maven-3.5.2\repository\com\fasterxml\jackson\datatype\jackson-datatype-jdk8\2.9.6\jackson-datatype-jdk8-2.9.6.jar;E:\apache-maven-3.5.2\repository\com\fasterxml\jackson\datatype\jackson-datatype-jsr310\2.9.6\jackson-datatype-jsr310-2.9.6.jar;E:\apache-maven-3.5.2\repository\com\fasterxml\jackson\module\jackson-module-parameter-names\2.9.6\jackson-module-parameter-names-2.9.6.jar;E:\apache-maven-3.5.2\repository\org\spr
Launcher Type: SUN_STANDARD

Logging:
Log output configuration:
#0: stdout all=warning uptime,level,tags
#1: stderr all=off uptime,level,tags

Environment Variables:
JAVA_HOME=C:\Program Files\Java\jdk-9.0.1
PATH=C:\Program Files (x86)\Common Files\NetSarang;C:\Program Files\TortoiseSVN\bin;C:\Program Files\Java\jdk-9.0.1\bin;E:\maven\apache-maven-3.5.2\bin;C:\ProgramData\Oracle\Java\javapath;C:\windows\system32;C:\windows;C:\windows\System32\Wbem;C:\windows\System32\WindowsPowerShell\v1.0\;C:\Program Files (x86)\ATI Technologies\ATI.ACE\Core-Static;C:\Program Files\Git\cmd;C:\Program Files\TortoiseGit\bin;C:\Program Files\nodejs\;C:\Users\Administrator\AppData\Roaming\npm
USERNAME=Administrator
OS=Windows_NT
PROCESSOR_IDENTIFIER=AMD64 Family 22 Model 48 Stepping 1, AuthenticAMD



---------------  S Y S T E M  ---------------

OS: Windows 8.1 , 64 bit Build 9600 (6.3.9600.16656)

CPU:total 4 (initial active 4) (4 cores per cpu, 1 threads per core) family 22 model 48 stepping 1, cmov, cx8, fxsr, mmx, sse, sse2, sse3, ssse3, sse4.1, sse4.2, popcnt, avx, aes, clmul, mmxext, 3dnowpref, lzcnt, sse4a, tsc, tscinvbit, tscinv, bmi1

Memory: 4k page, physical 7263204k(1330180k free), swap 7263204k(3748k free)

vm_info: Java HotSpot(TM) 64-Bit Server VM (9.0.1+11) for windows-amd64 JRE (9.0.1+11), built on Sep 28 2017 04:54:03 by "mach5one" with MS VC++ 12.0 (VS2013)

END.
