#
# There is insufficient memory for the Java Runtime Environment to continue.
# Native memory allocation (mmap) failed to map 117440512 bytes for Failed to commit area from 0x0000000091200000 to 0x0000000098200000 of length 117440512.
# Possible reasons:
#   The system is out of physical RAM or swap space
#   The process is running with CompressedOops enabled, and the Java Heap may be blocking the growth of the native heap
# Possible solutions:
#   Reduce memory load on the system
#   Increase physical memory or swap space
#   Check if swap backing store is full
#   Decrease Java heap size (-Xmx/-Xms)
#   Decrease number of Java threads
#   Decrease Java thread stack sizes (-Xss)
#   Set larger code cache with -XX:ReservedCodeCacheSize=
# This output file may be truncated or incomplete.
#
#  Out of Memory Error (t:/workspace/hotspot/src/os/windows/vm/os_windows.cpp:3357), pid=6892, tid=5204
#
# JRE version:  (9.0+11) (build )
# Java VM: Java HotSpot(TM) 64-Bit Server VM (9.0.1+11, mixed mode, tiered, compressed oops, g1 gc, windows-amd64)
# No core dump will be written. Minidumps are not enabled by default on client versions of Windows
#

---------------  S U M M A R Y ------------

Command Line: -XX:TieredStopAtLevel=1 -Xverify:none -Dspring.output.ansi.enabled=always -Dcom.sun.management.jmxremote -Dcom.sun.management.jmxremote.port=50318 -Dcom.sun.management.jmxremote.authenticate=false -Dcom.sun.management.jmxremote.ssl=false -Djava.rmi.server.hostname=localhost -Dspring.liveBeansView.mbeanDomain -Dspring.application.admin.enabled=true -javaagent:E:\IntelliJ IDEA 2017.3.2\lib\idea_rt.jar=50319:E:\IntelliJ IDEA 2017.3.2\bin -Dfile.encoding=UTF-8 com.leyou.LeyouRegistryApplication

Host: AMD A8-7410 APU with AMD Radeon R5 Graphics    , 4 cores, 6G,  Windows 8.1 , 64 bit Build 9600 (6.3.9600.16656)
Time: Thu Nov 01 21:43:20 2018 ?D1ú±ê×?ê±?? elapsed time: 0 seconds (0d 0h 0m 0s)

---------------  T H R E A D  ---------------

Current thread (0x00000007c3613800):  JavaThread "Unknown thread" [_thread_in_vm, id=5204, stack(0x00000007c50c0000,0x00000007c51c0000)]

Stack: [0x00000007c50c0000,0x00000007c51c0000]
Native frames: (J=compiled Java code, j=interpreted, Vv=VM code, C=native code)
V  [jvm.dll+0x5870b8]
V  [jvm.dll+0x69c0ee]
V  [jvm.dll+0x69d00a]
V  [jvm.dll+0x69d643]
V  [jvm.dll+0x21d148]
V  [jvm.dll+0x584bf4]
V  [jvm.dll+0x57a005]
V  [jvm.dll+0x2cd46b]
V  [jvm.dll+0x2cd3d3]
V  [jvm.dll+0x2cd2a2]
V  [jvm.dll+0x2cf2a3]
V  [jvm.dll+0x319203]
V  [jvm.dll+0x319916]
V  [jvm.dll+0x319303]
V  [jvm.dll+0x2adbf8]
V  [jvm.dll+0x2aee37]
V  [jvm.dll+0x67b1ed]
V  [jvm.dll+0x67c5ac]
V  [jvm.dll+0x3269c9]
V  [jvm.dll+0x6653ee]
V  [jvm.dll+0x391931]
V  [jvm.dll+0x3938e1]
C  [java.exe+0x34f1]
C  [java.exe+0xe24f]
C  [java.exe+0xe3f6]
C  [KERNEL32.DLL+0x15dd]
C  [ntdll.dll+0x764ad]


---------------  P R O C E S S  ---------------

Java Threads: ( => current thread )

Other Threads:
  0x00000007c362b800 GCTaskThread "GC Thread#0" [stack: 0x00000007de9f0000,0x00000007deaf0000] [id=6544]
  0x00000007c362f000 GCTaskThread "GC Thread#1" [stack: 0x00000007deaf0000,0x00000007debf0000] [id=6540]
  0x00000007c3630800 GCTaskThread "GC Thread#2" [stack: 0x00000007debf0000,0x00000007decf0000] [id=4128]
  0x00000007c3633000 GCTaskThread "GC Thread#3" [stack: 0x00000007decf0000,0x00000007dedf0000] [id=2896]
  0x00000007c36a2000 ConcurrentGCThread "G1 Main Marker" [stack: 0x00000007e3d40000,0x00000007e3e40000] [id=1756]
  0x00000007c36a5000 ConcurrentGCThread "G1 Marker#0" [stack: 0x00000007e3e40000,0x00000007e3f40000] [id=6788]
  0x00000007c363d800 ConcurrentGCThread "G1 Refine#0" [stack: 0x00000007df540000,0x00000007df640000] [id=6432]
  0x00000007c363a800 ConcurrentGCThread "G1 Refine#1" [stack: 0x00000007df440000,0x00000007df540000] [id=2688]
  0x00000007c3637800 ConcurrentGCThread "G1 Refine#2" [stack: 0x00000007df340000,0x00000007df440000] [id=5244]
  0x00000007c3635000 ConcurrentGCThread "G1 Refine#3" [stack: 0x00000007df240000,0x00000007df340000] [id=6996]
  0x00000007c3643000 ConcurrentGCThread "G1 Young RemSet Sampling" [stack: 0x00000007df640000,0x00000007df740000] [id=5704]

=>0x00000007c3613800 (exited) JavaThread "Unknown thread" [_thread_in_vm, id=5204, stack(0x00000007c50c0000,0x00000007c51c0000)]

Threads with active compile tasks:

VM state:not at safepoint (not fully initialized)

VM Mutex/Monitor currently owned by a thread:  ([mutex/lock_event])
[0x00000007c3611540] Heap_lock - owner thread: 0x00000007c3613800

Heap address: 0x0000000091200000, size: 1774 MB, Compressed Oops mode: Non-zero based: 0x0000000091200000
Narrow klass base: 0x0000000000000000, Narrow klass shift: 0

GC Heap History (0 events):
No events

Deoptimization events (0 events):
No events

Classes redefined (0 events):
No events

Internal exceptions (0 events):
No events

Events (0 events):
No events


Dynamic libraries:
0x00007ff6bcbc0000 - 0x00007ff6bcbfe000 	C:\Program Files\Java\jdk-9.0.1\bin\java.exe
0x00007ffc710e0000 - 0x00007ffc71289000 	C:\windows\SYSTEM32\ntdll.dll
0x00007ffc6ec00000 - 0x00007ffc6ed39000 	C:\windows\system32\KERNEL32.DLL
0x00007ffc6e630000 - 0x00007ffc6e73e000 	C:\windows\system32\KERNELBASE.dll
0x00007ffc6ed40000 - 0x00007ffc6ede5000 	C:\windows\system32\ADVAPI32.dll
0x00007ffc70d20000 - 0x00007ffc70e91000 	C:\windows\system32\USER32.dll
0x00007ffc6ae10000 - 0x00007ffc6b06a000 	C:\windows\WinSxS\amd64_microsoft.windows.common-controls_6595b64144ccf1df_6.0.9600.16384_none_62475f7becb72503\COMCTL32.dll
0x00007ffc6c830000 - 0x00007ffc6c83a000 	C:\windows\SYSTEM32\VERSION.dll
0x00007ffc6efe0000 - 0x00007ffc6f087000 	C:\windows\system32\msvcrt.dll
0x00007ffc6f690000 - 0x00007ffc6f6e7000 	C:\windows\SYSTEM32\sechost.dll
0x00007ffc6e9f0000 - 0x00007ffc6eb26000 	C:\windows\system32\RPCRT4.dll
0x00007ffc6f480000 - 0x00007ffc6f5c5000 	C:\windows\system32\GDI32.dll
0x00007ffc70ea0000 - 0x00007ffc70ed4000 	C:\windows\system32\IMM32.DLL
0x00007ffc6f230000 - 0x00007ffc6f369000 	C:\windows\system32\MSCTF.dll
0x00007ffc4edb0000 - 0x00007ffc4ee9f000 	C:\Program Files\Java\jdk-9.0.1\bin\msvcr120.dll
0x00007ffc4ebc0000 - 0x00007ffc4ec66000 	C:\Program Files\Java\jdk-9.0.1\bin\msvcp120.dll
0x0000000068c80000 - 0x00000000696a4000 	C:\Program Files\Java\jdk-9.0.1\bin\server\jvm.dll
0x00007ffc58c90000 - 0x00007ffc58c99000 	C:\windows\SYSTEM32\WSOCK32.dll
0x00007ffc67020000 - 0x00007ffc6703f000 	C:\windows\SYSTEM32\WINMM.dll
0x00007ffc6edf0000 - 0x00007ffc6edf7000 	C:\windows\system32\PSAPI.DLL
0x00007ffc6eb30000 - 0x00007ffc6eb88000 	C:\windows\system32\WS2_32.dll
0x00007ffc66ff0000 - 0x00007ffc6701a000 	C:\windows\SYSTEM32\WINMMBASE.dll
0x00007ffc6eb90000 - 0x00007ffc6eb99000 	C:\windows\system32\NSI.dll
0x00007ffc6e530000 - 0x00007ffc6e57a000 	C:\windows\SYSTEM32\cfgmgr32.dll
0x00007ffc6d2e0000 - 0x00007ffc6d306000 	C:\windows\SYSTEM32\DEVOBJ.dll
0x00007ffc646e0000 - 0x00007ffc646ef000 	C:\Program Files\Java\jdk-9.0.1\bin\verify.dll
0x00007ffc62ce0000 - 0x00007ffc62d07000 	C:\Program Files\Java\jdk-9.0.1\bin\java.dll
0x00007ffc551d0000 - 0x00007ffc551fa000 	C:\Program Files\Java\jdk-9.0.1\bin\instrument.dll
0x00007ffc627e0000 - 0x00007ffc627f6000 	C:\Program Files\Java\jdk-9.0.1\bin\zip.dll
0x00007ffc62a30000 - 0x00007ffc62a3a000 	C:\Program Files\Java\jdk-9.0.1\bin\jimage.dll
0x00007ffc67350000 - 0x00007ffc674d8000 	C:\windows\SYSTEM32\dbghelp.dll

VM Arguments:
jvm_args: -XX:TieredStopAtLevel=1 -Xverify:none -Dspring.output.ansi.enabled=always -Dcom.sun.management.jmxremote -Dcom.sun.management.jmxremote.port=50318 -Dcom.sun.management.jmxremote.authenticate=false -Dcom.sun.management.jmxremote.ssl=false -Djava.rmi.server.hostname=localhost -Dspring.liveBeansView.mbeanDomain -Dspring.application.admin.enabled=true -javaagent:E:\IntelliJ IDEA 2017.3.2\lib\idea_rt.jar=50319:E:\IntelliJ IDEA 2017.3.2\bin -Dfile.encoding=UTF-8 
java_command: com.leyou.LeyouRegistryApplication
java_class_path (initial): E:\hm44我的不是老师的\leyou\leyou-registry\target\classes;E:\apache-maven-3.5.2\repository\org\springframework\cloud\spring-cloud-starter-netflix-eureka-server\2.0.1.RELEASE\spring-cloud-starter-netflix-eureka-server-2.0.1.RELEASE.jar;E:\apache-maven-3.5.2\repository\org\springframework\cloud\spring-cloud-starter\2.0.1.RELEASE\spring-cloud-starter-2.0.1.RELEASE.jar;E:\apache-maven-3.5.2\repository\org\springframework\boot\spring-boot-starter\2.0.4.RELEASE\spring-boot-starter-2.0.4.RELEASE.jar;E:\apache-maven-3.5.2\repository\org\springframework\boot\spring-boot\2.0.4.RELEASE\spring-boot-2.0.4.RELEASE.jar;E:\apache-maven-3.5.2\repository\org\springframework\spring-context\5.0.8.RELEASE\spring-context-5.0.8.RELEASE.jar;E:\apache-maven-3.5.2\repository\org\springframework\boot\spring-boot-autoconfigure\2.0.4.RELEASE\spring-boot-autoconfigure-2.0.4.RELEASE.jar;E:\apache-maven-3.5.2\repository\org\springframework\boot\spring-boot-starter-logging\2.0.4.RELEASE\spring-boot-starter-logging-2.0.4.RELEASE.jar;E:\apache-maven-3.5.2\repository\ch\qos\logback\logback-classic\1.2.3\logback-classic-1.2.3.jar;E:\apache-maven-3.5.2\repository\ch\qos\logback\logback-core\1.2.3\logback-core-1.2.3.jar;E:\apache-maven-3.5.2\repository\org\apache\logging\log4j\log4j-to-slf4j\2.10.0\log4j-to-slf4j-2.10.0.jar;E:\apache-maven-3.5.2\repository\org\apache\logging\log4j\log4j-api\2.10.0\log4j-api-2.10.0.jar;E:\apache-maven-3.5.2\repository\org\slf4j\jul-to-slf4j\1.7.25\jul-to-slf4j-1.7.25.jar;E:\apache-maven-3.5.2\repository\javax\annotation\javax.annotation-api\1.3.2\javax.annotation-api-1.3.2.jar;E:\apache-maven-3.5.2\repository\org\springframework\spring-core\5.0.8.RELEASE\spring-core-5.0.8.RELEASE.jar;E:\apache-maven-3.5.2\repository\org\springframework\spring-jcl\5.0.8.RELEASE\spring-jcl-5.0.8.RELEASE.jar;E:\apache-maven-3.5.2\repository\org\yaml\snakeyaml\1.19\snakeyaml-1.19.jar;E:\apache-maven-3.5.2\repository\org\springframework\cloud\spring-cloud-context\2
Launcher Type: SUN_STANDARD

Logging:
Log output configuration:
#0: stdout all=warning uptime,level,tags
#1: stderr all=off uptime,level,tags

Environment Variables:
JAVA_HOME=C:\Program Files\Java\jdk-9.0.1
PATH=C:\Program Files (x86)\Common Files\NetSarang;C:\Program Files\TortoiseSVN\bin;C:\Program Files\Java\jdk-9.0.1\bin;E:\maven\apache-maven-3.5.2\bin;C:\ProgramData\Oracle\Java\javapath;C:\windows\system32;C:\windows;C:\windows\System32\Wbem;C:\windows\System32\WindowsPowerShell\v1.0\;C:\Program Files (x86)\ATI Technologies\ATI.ACE\Core-Static;C:\Program Files\Git\cmd;C:\Program Files\TortoiseGit\bin;C:\Program Files\nodejs\;C:\Users\Administrator\AppData\Roaming\npm
USERNAME=Administrator
OS=Windows_NT
PROCESSOR_IDENTIFIER=AMD64 Family 22 Model 48 Stepping 1, AuthenticAMD



---------------  S Y S T E M  ---------------

OS: Windows 8.1 , 64 bit Build 9600 (6.3.9600.16656)

CPU:total 4 (initial active 4) (4 cores per cpu, 1 threads per core) family 22 model 48 stepping 1, cmov, cx8, fxsr, mmx, sse, sse2, sse3, ssse3, sse4.1, sse4.2, popcnt, avx, aes, clmul, mmxext, 3dnowpref, lzcnt, sse4a, tsc, tscinvbit, tscinv, bmi1

Memory: 4k page, physical 7263204k(1200256k free), swap 7263204k(101888k free)

vm_info: Java HotSpot(TM) 64-Bit Server VM (9.0.1+11) for windows-amd64 JRE (9.0.1+11), built on Sep 28 2017 04:54:03 by "mach5one" with MS VC++ 12.0 (VS2013)

END.
